*WEATHER LIST

@#   FILENAME EXT SITE NAME.................  LAT.....  LONG.... ELEV.  TAV.. TAMP..
   1 ACNM1301 WTH ACNM                         34.583 -103.200  1348  12.8  11.2 -99
   2 ACNM1401 WTH ACNM                         34.583 -102.800  1348  12.8  11.2 -99
   3 ALCL5601 WTH Clanton, Alabama             32.480  -86.380   185  16.5  10.3  1.
   4 ALCL5699 WTH Clanton, Alabama             32.480  -86.380   185  16.5  10.3  1.
   5 ALCL5701 WTH Clanton, Alabama             32.480  -86.380   185  16.5  10.3  1.
   6 ALCL5799 WTH Clanton, Alabama             32.480  -86.380   185  16.5  10.3  1.
   7 ALCL5801 WTH Clanton, Alabama             32.480  -86.380   185  16.5  10.3  1.
   8 ALCL5899 WTH Clanton, Alabama             32.480  -86.380   185  16.5  10.3  1.
   9 ALCL5901 WTH Clanton, Alabama             32.480  -86.380   185  16.5  10.3  1.
  10 ALCL5999 WTH Clanton, Alabama             32.480  -86.380   185  16.5  10.3  1.
  11 ALLU6101 WTH allu                         40.940   19.690     0   0.0   0.0   0
  12 ALLU6201 WTH allu                         40.940   19.690     0   0.0   0.0   0
  13 ALLU6301 WTH allu                         40.940   19.690     0   0.0   0.0   0
  14 ALLU6401 WTH allu                         40.940   19.690     0   0.0   0.0   0
  15 ALLU6501 WTH allu                         40.940   19.690     0   0.0   0.0   0
  16 ALLU6601 WTH allu                         40.940   19.690     0   0.0   0.0   0
  17 ALLU6701 WTH allu                         40.940   19.690     0   0.0   0.0   0
  18 ALLU6801 WTH allu                         40.940   19.690     0   0.0   0.0   0
  19 ALLU6901 WTH allu                         40.940   19.690     0   0.0   0.0   0
  20 ALLU7001 WTH allu                         40.940   19.690     0   0.0   0.0   0
  21 ALLU7101 WTH allu                         40.940   19.690     0   0.0   0.0   0
  22 ALLU7201 WTH allu                         40.940   19.690     0   0.0   0.0   0
  23 ALLU7301 WTH allu                         40.940   19.690     0   0.0   0.0   0
  24 ALLU7401 WTH allu                         40.940   19.690     0   0.0   0.0   0
  25 ALLU7501 WTH ALLU                         40.940   19.690     0   0.0   0.0   0
  26 ALLU7601 WTH ALLU                         40.940   19.690     0   0.0   0.0   0
  27 ALLU7701 WTH ALLU                         40.940   19.690     0   0.0   0.0   0
  28 ALLU7801 WTH ALLU                         40.940   19.690     0   0.0   0.0   0
  29 ALLU7901 WTH ALLU                         40.940   19.690     0   0.0   0.0   0
  30 ALLU8001 WTH ALLU                         40.940   19.690     0   0.0   0.0   0
  31 ALLU8101 WTH allu                         40.940   19.690     0   0.0   0.0   0
  32 ALLU8201 WTH allu                         40.940   19.690     0   0.0   0.0   0
  33 ALLU8301 WTH allu                         40.940   19.690     0   0.0   0.0   0
  34 ALLU8401 WTH allu                         40.940   19.690     0   0.0   0.0   0
  35 AMES8201 WTH Ames,IA                      42.000   93.770   320   8.3  16.7   2
  36 AMES8301 WTH Ames,IA                      42.000   93.770   320   9.2  15.8   2
  37 AMES8401 WTH Ames,IA                      42.000   93.770   320   9.4  15.6   2
  38 AMES8501 WTH Ames,IA                      42.000   93.770   320   8.4  16.6   2
  39 AMES8601 WTH Ames,IA                      42.000   93.770   320   9.9  15.1   2
  40 AMES8701 WTH Ames,IA                      42.000   93.770   320  11.4  14.6   2
  41 AMES8801 WTH ISU Agronomy Farm            42.000   93.770   320  10.2  14.8   2
  42 AMES8901 WTH ISU Agronomy Farm            42.000   93.770   320   8.8  16.2   2
  43 AMES9001 WTH Ames,Iowa,USA                 42.00    93.50   320  10.3  14.7   2
  44 AMES9101 WTH I.S.U. Johnson Farm, Stor    42.000   93.770   320  12.8  12.2  1.
  45 AMES9201 WTH I.S.U. Johnson Farm, Stor    42.000   93.770   320  13.3  14.7  1.
  46 AMES9301 WTH I.S.U. Johnson Farm, Stor    42.000   93.770   320   9.8  14.2  1.
  47 AMES9401 WTH I.S.U. Johnson Farm, Stor    42.000   93.770   320  10.9  14.1  1.
  48 AMES9501 WTH Ames,IA                      42.000   93.770   320   8.8  17.0   2
  49 AMES9601 WTH Ames,IA                      42.000   93.770   320  11.0  16.0   2
  50 ANBE8701 WTH Beerwah                     -27.500  151.000     0  26.1   1.7 -99
  51 ANBE8801 WTH Beerwah                     -27.500  151.000     0  26.1   1.7 -99
  52 ANBE8901 WTH Beerwah                     -27.500  151.000     0  26.1   1.7 -99
  53 ANBE9001 WTH Beerwah                     -27.500  151.000     0  26.1   1.7 -99
  54 ANGU7801 WTH Anguededou, Cote d'Ivoire     5.380   -4.280     0  26.1   3.4 -99
  55 ANGU7901 WTH Anguededou, Cote d'Ivoire     5.380   -4.280     0  26.1   3.4 -99
  56 ANGU8001 WTH Anguededou, Cote d'Ivoire     5.380   -4.280     0  26.1   3.4 -99
  57 ANGU8101 WTH Anguededou, Cote d'Ivoire     5.380   -4.280     0  26.1   3.4 -99
  58 ANGU8201 WTH Anguededou, Cote d'Ivoire     5.380   -4.280     0  26.1   3.4 -99
  59 ANGU8301 WTH Anguededou, Cote d'Ivoire     5.380   -4.280     0  26.1   3.4 -99
  60 ANGU8401 WTH Anguededou, Cote d'Ivoire     5.380   -4.280     0  26.1   3.4 -99
  61 ANGU8501 WTH Anguededou, Cote d'Ivoire     5.380   -4.280     0  26.1   3.4 -99
  62 ANGU8601 WTH Anguededou, Cote d'Ivoire     5.380   -4.280     0  26.1   3.4 -99
  63 ANGU8701 WTH Anguededou, Cote d'Ivoire     5.380   -4.280     0  26.1   3.4 -99
  64 ANGU8801 WTH Anguededou, Cote d'Ivoire     5.380   -4.280     0  26.1   3.4 -99
  65 ANGU8901 WTH Anguededou, Cote d'Ivoire     5.380   -4.280     0  26.1   3.4 -99
  66 ANGU9001 WTH Anguededou, Cote d'Ivoire     5.380   -4.280     0  26.1   3.4 -99
  67 ANGU9101 WTH Anguededou, Cote d'Ivoire     5.380   -4.280     0  26.1   3.4 -99
  68 AUCB7001 WTH AUCB                         -35.00   149.00     0  17.0   7.0   -
  69 AUSH9919 WTH AUSH9919                     32.443  -85.900   132  18.4  20.4   2
  70 AUTA8101 WTH AUTA                        -36.450  145.233   114 20.26  7.31 -99
  71 AUTA8201 WTH AUTA                        -36.450  145.233   114 21.56  7.35 -99
  72 AUZE0101 WTH Auzeville, France            43.530    1.500   167  13.9  19.1 -99
  73 AUZE0501 WTH Auzeville, France            43.530    1.500   167  13.9  19.1 -99
  74 AUZE0601 WTH Auzeville, France            43.530    1.500   167  13.9  19.1 -99
  75 AZMC8832 WTH Maricopa, Arizona            AZMC   35.069 -111.972     362       
  76 BRJD7501 WTH GAZIPUR                       0.000    0.000     0  25.6   9.8 -99
  77 BRJD7601 WTH GAZIPUR                       0.000    0.000     0  25.6   9.8 -99
  78 BRJD7701 WTH GAZIPUR                       0.000    0.000     0  25.6   9.8 -99
  79 BRJD7801 WTH GAZIPUR                       0.000    0.000     0  25.6   9.8 -99
  80 BRJD7901 WTH GAZIPUR                       0.000    0.000     0  25.6   9.8 -99
  81 BRJD8001 WTH GAZIPUR                       0.000    0.000     0  25.6   9.8 -99
  82 BRJD8101 WTH GAZIPUR                       0.000    0.000     0  25.6   9.8 -99
  83 BRJD8201 WTH GAZIPUR                       0.000    0.000     0  25.6   9.8 -99
  84 BRJD8301 WTH GAZIPUR                       0.000    0.000     0  25.6   9.8 -99
  85 BRJD8401 WTH GAZIPUR                       0.000    0.000     0  25.6   9.8 -99
  86 BRJD8501 WTH GAZIPUR                       0.000    0.000     0  25.6   9.8 -99
  87 BRJD8601 WTH GAZIPUR                       0.000    0.000     0  25.6   9.8 -99
  88 BRJD8701 WTH GAZIPUR                       0.000    0.000     0  25.6   9.8 -99
  89 BRJD8801 WTH GAZIPUR                       0.000    0.000     0  25.6   9.8 -99
  90 BRJD8901 WTH GAZIPUR                       0.000    0.000     0  25.6   9.8 -99
  91 BRJD9001 WTH GAZIPUR                       0.000    0.000     0  25.6   9.8 -99
  92 BRJD9101 WTH GAZIPUR                       0.000    0.000     0  25.6   9.8 -99
  93 BRJD9201 WTH GAZIPUR                       0.000    0.000     0  25.6   9.8 -99
  94 BRJD9301 WTH GAZIPUR                       0.000    0.000     0  25.6   9.8 -99
  95 BRJD9401 WTH GAZIPUR                       0.000    0.000     0  25.6   9.8 -99
  96 BRJD9501 WTH GAZIPUR                       0.000    0.000     0  25.6   9.8 -99
  97 BRPI0201 WTH Piracicaba, SP. Brazil      -22.430  -47.250   580  21.6   7.2 -99
  98 BRRI9801 WTH BRRI_jOYEDBPUR               24.000   92.230     8  26.0   8.5   2
  99 BUCH9701 WTH Bucharesr, RM                44.472   26.072   300 -99.0 -99.0 -99
 100 BUCH9801 WTH Bucharesr, RM                44.472   26.072   300 -99.0 -99.0 -99
 101 CAPE8437 WTH Petropavl, KAZ NASA POWER     54.75    69.25     -99   1.7  38.2  
 102 CBAN8401 WTH Antioquia,ElNus,Colombia      6.483  -74.820   835  22.7   0.4   0
 103 CBAN8501 WTH Antioquia,ElNus,Colombia      6.483  -74.820   835  22.7   0.4   0
 104 CBAN8601 WTH Antioquia,ElNus,Colombia      6.483  -74.820   835  22.7   0.4   0
 105 CCCA7801 WTH Carimagua,Colombia            4.610  -71.310   200  26.7   8.8   0
 106 CCCA7901 WTH Carimagua,Colombia            4.610  -71.310   200  26.7   8.8   0
 107 CCCA8001 WTH Carimagua,Colombia            4.610  -71.310   200  26.7   8.8   0
 108 CCCA8101 WTH Carimagua,Colombia            4.610  -71.310   200  26.7   8.8   0
 109 CCCA8201 WTH Carimagua,Colombia            4.610  -71.310   200  26.7   8.8   0
 110 CCCA8301 WTH Carimagua,Colombia            4.610  -71.310   200  26.7   8.8   0
 111 CCCA9201 WTH CIAT-CARIMAGUA-COLOMBIA       4.610  -71.310   180  26.6   8.8   0
 112 CCCA9301 WTH CIAT-CARIMAGUA-COLOMBIA       4.620  -71.310   180  26.6   8.8   0
 113 CCCA9401 WTH CIAT-CARIMAGUA-COLOMBIA       4.620  -71.312   180  26.6   8.8   0
 114 CCCA9501 WTH CIAT-CARIMAGUA-COLOMBIA       4.610  -71.312   180  26.6   8.8   0
 115 CCCA9601 WTH CIAT-CARIMAGUA-COLOMBIA       4.610  -71.312   180  26.6   8.8   0
 116 CCCA9701 WTH CIAT-CARIMAGUA-COLOMBIA       4.620  -71.312   180  26.6   8.8   0
 117 CCCA9801 WTH CIAT-CARIMAGUA-COLOMBIA       4.620  -71.320   180  26.6   8.8   0
 118 CCCE9501 WTH CURLA ES                     15.730  -86.870    26  25.8   3.7 -99
 119 CCPA7801 WTH Palmira,Valle,Colombia        3.480  -76.350   965  24.3  10.3   0
 120 CCPA7901 WTH Palmira,Valle,Colombia        3.480  -76.350   965  24.3  10.3   0
 121 CCPA8001 WTH Palmira,Valle,Colombia        3.480  -76.350   965  24.3  10.3   0
 122 CCPA8101 WTH Palmira,Valle,Colombia        3.480  -76.350   965  24.3  10.3   0
 123 CCPA8201 WTH Palmira,Valle,Colombia        3.480  -76.350   965  24.3  10.3   0
 124 CCPA8301 WTH Palmira,Valle,Colombia        3.480  -76.350   965  24.3  10.3   0
 125 CCPA8401 WTH Palmira,Valle,Colombia        3.480  -76.350   965  24.3  10.3   0
 126 CCPA8501 WTH Palmira,Valle,Colombia        3.480  -76.350   965  24.3  10.3   0
 127 CCPA8601 WTH Palmira,Valle,Colombia        3.480  -76.350   965  24.3  10.3   0
 128 CCPA8701 WTH Palmira,Valle,Colombia        3.480  -76.350   965  24.3  10.3   0
 129 CCPA8801 WTH Palmira,Valle,Colombia        3.480  -76.350   965  24.3  10.3   0
 130 CCPA8901 WTH Palmira,Valle,Colombia        3.480  -76.350   965  24.3  10.3   0
 131 CCPA9001 WTH Palmira,Valle,Colombia        3.480  -76.350   965  24.3  10.3   0
 132 CCPA9101 WTH Palmira,Valle,Colombia        3.480  -76.350   965  24.3  10.3   0
 133 CCPA9201 WTH Palmira,Valle,Colombia        3.480  -76.350   965  24.3  10.3   0
 134 CCPA9301 WTH Palmira,Valle,Colombia        3.480  -76.350   965  24.3  10.3   0
 135 CCPA9401 WTH Palmira,Valle,Colombia        3.480  -76.350   965  24.3  10.3   0
 136 CCPA9501 WTH Palmira,Valle,Colombia        3.480  -76.350   965  24.3  10.3   0
 137 CCPA9601 WTH Palmira,Valle,Colombia        3.480  -76.350   965  24.3  10.3   0
 138 CCPA9701 WTH Palmira,Valle,Colombia        3.480  -76.350   965  24.3  10.3   0
 139 CCPA9801 WTH Palmira,Valle,Colombia        3.480  -76.350   965  24.3  10.3   0
 140 CCPM9701 WTH CIAT,Palmira,Valle,Colo.      3.480  -76.350   965  24.3   0.5  0.
 141 CCPO9001 WTH CIAT,POPAYAN,COLOMBIA         2.200  -76.390   990  23.7   0.5   0
 142 CCQU7901 WTH Quilichao,Colombia            3.080  -76.500   990  23.7  10.9   0
 143 CCQU8001 WTH Quilichao,Colombia            3.080  -76.500   990  23.7  10.9   0
 144 CCQU8101 WTH Quilichao,Colombia            3.080  -76.500   990  23.7  10.9   0
 145 CCQU8201 WTH Quilichao,Colombia            3.080  -76.500   990  23.7  10.9   0
 146 CCQU8301 WTH Quilichao,Colombia            3.080  -76.500   990  23.7  10.9   0
 147 CCQU8401 WTH Quilichao,Colombia            3.080  -76.500   990  23.7  10.9   0
 148 CCQU8501 WTH Quilichao,Colombia            3.080  -76.500   990  23.7  10.9   0
 149 CCQU8601 WTH Quilichao,Colombia            3.080  -76.500   990  24.0  10.9   0
 150 CCQU8701 WTH Quilichao,Colombia            3.080  -76.500   990  24.0  10.9  0.
 151 CCYU8001 WTH Yurimaguas,Per£             -5.933  -76.083   184  25.9   0.7   0
 152 CCYU8101 WTH Yurimaguas,Per£             -5.933  -76.083   184  25.9   0.7   0
 153 CCYU8201 WTH Yurimaguas,Per£             -5.933  -76.083   184  25.9   0.7   0
 154 CCYU8301 WTH Yurimaguas,Per£             -5.933  -76.083   184  25.9   0.7   0
 155 CCYU8401 WTH Yurimaguas,Per£             -5.933  -76.083   184  25.9   0.7   0
 156 CIEB9701 WTH CIMMYT El Batan Station      19.310  -98.500  2200  16.0   7.9 -99
 157 CIEB9801 WTH CIMMYT El Batan Station      19.310  -98.500  2200  16.0   7.9 -99
 158 CIEB9803 WTH CIMMYTElBatanStation, Fal    19.310  -98.500  2200  16.0   7.9 -99
 159 CIEB9804 WTH CIMMYT ElBatanStation,       19.310  -98.500  2200  16.0   7.9 -99
 160 CIML9601 WTH Chitedzi Malawi             -13.590   33.380  1149  21.2   6.4 -99
 161 CIML9701 WTH ChitedziMalawi              -13.590   33.380  1149  21.2   6.4 -99
 162 CISR9701 WTH SantaRosa Original data C    18.307  -95.117   600  24.7   5.1 -99
 163 CITL9701 WTH CIMMYT,Tlaltizapan,Moreli    18.680  -99.137   900  25.4   8.0  0.
 164 CITL9899 WTH CIMMYT,Tlaltizapan,Moreli    18.680  -99.137   900  25.4   8.0  0.
 165 CLMO8501 WTH MORRIS,MINNESOTA,USA          45.56   -95.67                      
 166 CNCH8101 WTH Chinchina,Colombia            4.960  -75.700  1360  22.1   0.8   0
 167 CNCH8201 WTH Chinchina,Colombia            4.960  -75.700  1360  22.1   0.8   0
 168 CNCH8301 WTH Chinchina,Colombia            4.960  -75.700  1360  22.1   0.8   0
 169 CNCH8401 WTH Chinchina,Colombia            4.960  -75.700  1360  22.1   0.8   0
 170 CNPE0001 WTH PERGAMINO                   -33.929  -60.549    70  16.6   6.7 -99
 171 CNPE0101 WTH PERGAMINO                   -33.929  -60.549    70  16.6   6.7 -99
 172 CNPE0201 WTH PERGAMINO                   -33.929  -60.549    70  16.6   6.7 -99
 173 CNPE0301 WTH PERGAMINO                   -33.929  -60.549    70  16.6   6.7 -99
 174 CNPE0401 WTH PERGAMINO                   -33.929  -60.549    70  16.6   6.7 -99
 175 CNPE0501 WTH PERGAMINO                   -33.929  -60.549    70  16.6   6.7 -99
 176 CNPE0601 WTH PERGAMINO                   -33.929  -60.549    70  16.6   6.7 -99
 177 CNPE0701 WTH PERGAMINO                   -33.929  -60.549    70  16.6   6.7 -99
 178 CNPE6701 WTH PERGAMINO                   -33.929  -60.549    70  16.6   6.7 -99
 179 CNPE6801 WTH PERGAMINO                   -33.929  -60.549    70  16.6   6.7 -99
 180 CNPE6901 WTH PERGAMINO                   -33.929  -60.549    70  16.6   6.7 -99
 181 CNPE7001 WTH PERGAMINO                   -33.929  -60.549    70  16.6   6.7 -99
 182 CNPE7101 WTH PERGAMINO                   -33.929  -60.549    70  16.6   6.7 -99
 183 CNPE7201 WTH PERGAMINO                   -33.929  -60.549    70  16.6   6.7 -99
 184 CNPE7301 WTH PERGAMINO                   -33.929  -60.549    70  16.6   6.7 -99
 185 CNPE7401 WTH PERGAMINO                   -33.929  -60.549    70  16.6   6.7 -99
 186 CNPE7501 WTH PERGAMINO                   -33.929  -60.549    70  16.6   6.7 -99
 187 CNPE7601 WTH PERGAMINO                   -33.929  -60.549    70  16.6   6.7 -99
 188 CNPE7701 WTH PERGAMINO                   -33.929  -60.549    70  16.6   6.7 -99
 189 CNPE7801 WTH PERGAMINO                   -33.929  -60.549    70  16.6   6.7 -99
 190 CNPE7901 WTH PERGAMINO                   -33.929  -60.549    70  16.6   6.7 -99
 191 CNPE8001 WTH PERGAMINO                   -33.929  -60.549    70  16.6   6.7 -99
 192 CNPE8101 WTH PERGAMINO                   -33.929  -60.549    70  16.6   6.7 -99
 193 CNPE8201 WTH PERGAMINO                   -33.929  -60.549    70  16.6   6.7 -99
 194 CNPE8301 WTH PERGAMINO                   -33.929  -60.549    70  16.6   6.7 -99
 195 CNPE8401 WTH PERGAMINO                   -33.929  -60.549    70  16.6   6.7 -99
 196 CNPE8501 WTH PERGAMINO                   -33.929  -60.549    70  16.6   6.7 -99
 197 CNPE8601 WTH PERGAMINO                   -33.929  -60.549    70  16.6   6.7 -99
 198 CNPE8701 WTH PERGAMINO                   -33.929  -60.549    70  16.6   6.7 -99
 199 CNPE8801 WTH PERGAMINO                   -33.929  -60.549    70  16.6   6.7 -99
 200 CNPE8901 WTH PERGAMINO                   -33.929  -60.549    70  16.6   6.7 -99
 201 CNPE9001 WTH PERGAMINO                   -33.929  -60.549    70  16.6   6.7 -99
 202 CNPE9101 WTH PERGAMINO                   -33.929  -60.549    70  16.6   6.7 -99
 203 CNPE9201 WTH PERGAMINO                   -33.929  -60.549    70  16.6   6.7 -99
 204 CNPE9301 WTH PERGAMINO                   -33.929  -60.549    70  16.6   6.7 -99
 205 CNPE9401 WTH PERGAMINO                   -33.929  -60.549    70  16.6   6.7 -99
 206 CNPE9501 WTH PERGAMINO                   -33.929  -60.549    70  16.6   6.7 -99
 207 CNPE9601 WTH PERGAMINO                   -33.929  -60.549    70  16.6   6.7 -99
 208 CNPE9701 WTH PERGAMINO                   -33.929  -60.549    70  16.6   6.7 -99
 209 CNPE9801 WTH PERGAMINO                   -33.929  -60.549    70  16.6   6.7 -99
 210 CNPE9901 WTH PERGAMINO                   -33.929  -60.549    70  16.6   6.7 -99
 211 CNSA0501 WTH Colombia - CENICAÑA San      3.362  -76.302  1020  24.0   0.5   2
 212 CNSA0601 WTH Colombia - CENICAÑA San      3.362  -76.302  1020  24.0   0.5   2
 213 CNSA0701 WTH Colombia - CENICAÑA San      3.362  -76.302  1020  24.0   0.5   2
 214 CNSA0801 WTH Colombia - CENICAÑA San      3.362  -76.302  1020  24.0   0.5   2
 215 COPA6601 WTH Palmira_Colombia              3.480  -76.370   965  24.0   0.5  0.
 216 COPA6701 WTH Palmira_Colombia              3.480  -76.370   965  24.0   0.5  0.
 217 COPA6801 WTH Palmira_Colombia              3.480  -76.370   965  24.0   0.5  0.
 218 COPA6901 WTH Palmira_Colombia              3.480  -76.370   965  24.0   0.5  0.
 219 COPA7001 WTH Palmira_Colombia              3.480  -76.370   965  24.0   0.5  0.
 220 COPA7101 WTH Palmira_Colombia              3.480  -76.370   965  24.0   0.5  0.
 221 COPA7201 WTH Palmira_Colombia              3.480  -76.370   965  24.0   0.5  0.
 222 COPA7301 WTH Palmira_Colombia              3.480  -76.370   965  24.0   0.5  0.
 223 COPA7401 WTH Palmira_Colombia              3.480  -76.370   965  24.0   0.5  0.
 224 COPA7501 WTH Palmira_Colombia              3.480  -76.370   965  24.0   0.5  0.
 225 COPA7601 WTH Palmira_Colombia              3.480  -76.370   965  24.0   0.5  0.
 226 COPA7701 WTH Palmira_Colombia              3.480  -76.370   965  24.0   0.5  0.
 227 COPA7801 WTH Palmira_Colombia              3.480  -76.370   965  24.0   0.5  0.
 228 COPA7901 WTH Palmira_Colombia              3.480  -76.370   965  24.0   0.5  0.
 229 COPA8001 WTH Palmira_Colombia              3.480  -76.370   965  24.0   0.5  0.
 230 COPA8101 WTH Palmira_Colombia              3.480  -76.370   965  24.0   0.5  0.
 231 COPA8201 WTH Palmira_Colombia              3.480  -76.370   965  24.0   0.5  0.
 232 COPA8301 WTH Palmira_Colombia              3.480  -76.370   965  24.0   0.5  0.
 233 COPA8401 WTH Palmira_Colombia              3.480  -76.370   965  24.0   0.5  0.
 234 CORD8601 WTH Cordoba,Spain                38.000    4.000    90  17.7   8.8   1
 235 CORD8701 WTH Cordoba,Spain                38.000    4.000    90  17.7   8.8   1
 236 CORD8801 WTH Cordoba,Spain                38.000    4.000    90  17.7   8.8   1
 237 CPSR1301 WTH                            -11.1275 -75.3564   830   -99   -99   -
 238 CPTB9401 WTH CardenasTabascoMexico        18.000  -93.580    12  26.3   5.0 -99
 239 CPTB9501 WTH CardenasTabascoMexico        18.000  -93.580    12  26.3   5.0 -99
 240 CRND0001 WTH CRND                         47.509  -99.132  1561   4.5  32.7 -99
 241 CRND0101 WTH CRND                         47.509  -99.132  1561   4.5  32.7 -99
 242 CRND0201 WTH CRND                         47.509  -99.132  1561   4.5  32.7 -99
 243 CRND0301 WTH CRND                         47.509  -99.132  1561   4.5  32.7 -99
 244 CRND0401 WTH CRND                         47.509  -99.132  1561   4.5  32.7 -99
 245 CRND0501 WTH CRND                         47.509  -99.132  1561   4.5  32.7 -99
 246 CRND0601 WTH CRND                         47.509  -99.132  1561   4.5  32.7 -99
 247 CRND0701 WTH CRND                         47.509  -99.132  1561   4.5  32.7 -99
 248 CRND0801 WTH CRND                         47.509  -99.132  1561   4.5  32.7 -99
 249 CRND0901 WTH CRND                         47.509  -99.132  1561   4.5  32.7 -99
 250 CRND1001 WTH CRND                         47.509  -99.132  1561   4.5  32.7 -99
 251 CRND1101 WTH CRND                         47.509  -99.132  1561   4.5  32.7 -99
 252 CRND1201 WTH CRND                         47.509  -99.132  1561   4.5  32.7 -99
 253 CRND1301 WTH CRND                         47.509  -99.132  1561   4.5  32.7 -99
 254 CRND1401 WTH CRND                         47.509  -99.132  1561   4.5  32.7 -99
 255 CRND1501 WTH CRND                         47.509  -99.132  1561   4.5  32.7 -99
 256 CRND1601 WTH CRND                         47.509  -99.132  1561   4.5  32.7 -99
 257 CRND1701 WTH CRND                         47.509  -99.132  1561   4.5  32.7 -99
 258 CRND9001 WTH CRND                         47.509  -99.132  1561   4.5  32.7 -99
 259 CRND9101 WTH CRND                         47.509  -99.132  1561   4.5  32.7 -99
 260 CRND9201 WTH CRND                         47.509  -99.132  1561   4.5  32.7 -99
 261 CRND9301 WTH CRND                         47.509  -99.132  1561   4.5  32.7 -99
 262 CRND9401 WTH CRND                         47.509  -99.132  1561   4.5  32.7 -99
 263 CRND9501 WTH CRND                         47.509  -99.132  1561   4.5  32.7 -99
 264 CRND9601 WTH CRND                         47.509  -99.132  1561   4.5  32.7 -99
 265 CRND9701 WTH CRND                         47.509  -99.132  1561   4.5  32.7 -99
 266 CRND9801 WTH CRND                         47.509  -99.132  1561   4.5  32.7 -99
 267 CRND9901 WTH CRND                         47.509  -99.132  1561   4.5  32.7 -99
 268 CSKA7102 WTH CSIRO,Katherine,N.T.,Aust    -14.50   132.50   -99   -99   -99   -
 269 CSKU8201 WTH Kunnunurra,Australia         -15.39   128.43   -99   -99   -99   -
 270 DIJY9001 WTH Jyndevad                     54.900    9.130    16   8.1   7.8 -99
 271 DIJY9101 WTH Jyndevad                     54.900    9.130    16   8.1   7.8 -99
 272 DIJY9201 WTH Jyndevad                     54.900    9.130    16   8.1   7.8 -99
 273 DIJY9301 WTH Jyndevad                     54.900    9.130    16   8.1   7.8 -99
 274 DKPK1601 WTH Dera Ismail Khan, Pakista   DKPK   31.725   70.827   177  23.0    
 275 DKPK1701 WTH Dera Ismail Khan, Pakista   DKPK   31.725   70.827   177  23.0    
 276 DKPK1801 WTH Dera Ismail Khan, Pakista   DKPK   31.725   70.827   177  23.0    
 277 DKPK1901 WTH Dera Ismail Khan, Pakista   DKPK   31.725   70.827   177  23.0    
 278 DTCM6301 WTH dtcm                         19.010   99.010     0   0.0  11.8   0
 279 DTCM6401 WTH dtcm                         19.010   99.010     0   0.0  11.8   0
 280 DTCM6501 WTH dtcm                         19.010   99.010     0   0.0  11.8   0
 281 DTCM6601 WTH dtcm                         19.010   99.010     0   0.0  11.8   0
 282 DTCM6701 WTH dtcm                         19.010   99.010     0   0.0  11.8   0
 283 DTCM6801 WTH dtcm                         19.010   99.010     0   0.0  11.8   0
 284 DTCM6901 WTH dtcm                         19.010   99.010     0   0.0  11.8   0
 285 DTCM7001 WTH dtcm                         19.010   99.010     0   0.0  11.8   0
 286 DTCM7101 WTH dtcm                         19.010   99.010     0   0.0  11.8   0
 287 DTCM7201 WTH dtcm                         19.010   99.010     0   0.0  11.8   0
 288 DTCM7301 WTH dtcm                         19.010   99.010     0   0.0  11.8   0
 289 DTCM7401 WTH dtcm                         19.010   99.010     0   0.0  11.8   0
 290 DTCM7501 WTH dtcm                         19.010   99.010     0   0.0  11.8   0
 291 DTCM7601 WTH dtcm                         19.010   99.010     0   0.0  11.8   0
 292 DTCM7701 WTH dtcm                         19.010   99.010     0   0.0  11.8   0
 293 DTCM7801 WTH dtcm                         19.010   99.010     0   0.0  11.8   0
 294 DTSP8501 WTH SUPHEN_BURI,THAILAND         14.470   100.10   -99  28.0   5.0   -
 295 EADA9701 WTH Ada, Ethiopia, NASA POWER     8.800   39.633  1860  19.6   3.3 -99
 296 EBCH8301 WTH CPAC-EMBRAPA_CHAPADA_PLAN   -15.590  -47.700  1145  21.1   6.0 -99
 297 EBCH8401 WTH CPAC-EMBRAPA_CHAPADA_PLAN   -15.590  -47.700  1145  21.1   1.6 -99
 298 EBCH8501 WTH CPAC-EMBRAPA_CHAPADA_PLAN   -15.590  -47.700  1145  21.1   1.6 -99
 299 EBCH8601 WTH CPAC-EMBRAPA_CHAPADA_PLAN   -15.590  -47.700  1145  21.1   1.6 -99
 300 EBCH8701 WTH CPAC-EMBRAPA_CHAPADA_PLAN   -15.590  -47.700  1145  21.1   1.6 -99
 301 EBCH8801 WTH CPAC-EMBRAPA_CHAPADA_PLAN   -15.590  -47.700  1145  21.1   1.6 -99
 302 EBGO8701 WTH CNPAF,GOIANIA,BRAZIL         -16.38   -49.13   -99   -99   -99   -
 303 EBPL8601 WTH CPAC-EMBRAPA_MAIN_PLANALT   -15.590  -47.710  1000  21.9   5.0 -99
 304 EBPL8701 WTH CPAC-EMBRAPA_MAIN_PLANALT   -15.590  -47.710  1000  21.9   6.0 -99
 305 EGAR0201 WTH Gare Arera, Ethiopia, CHI     9.050   38.500  2000  15.4   2.9 -99
 306 EGAR0301 WTH Gare Arera, Ethiopia, CHI     9.050   38.500  2000  15.4   2.9 -99
 307 EJAM1101 WTH Jamma District, Ethiopia,    10.450   39.250  2630  14.9   3.1 -99
 308 EMSC1701 WTH EMSC                        -21.783  -47.833   860  22.3   5.4 -99
 309 EMSC1801 WTH EMSC                        -21.783  -47.833   860  22.3   5.4 -99
 310 EMSC1901 WTH EMSC                        -21.783  -47.833   860  22.3   5.4 -99
 311 EN019801 WTH ENVIROTRON CHAMBERS 1&2      00.000  -84.284  299.    .0    .0   2
 312 EN039801 WTH ENVIROTRON CHAMBERS 3&4      00.000  -84.284  299.    .0    .0   2
 313 EN059801 WTH ENVIROTRON CHAMBERS 5&6      00.000  -84.284  299.    .0    .0   2
 314 ETMK0801 WTH Mekelle, Ethiopia, 2008-2    13.050   39.100  1911  21.5   5.4 -99
 315 ETMK0901 WTH Mekelle, Ethiopia, 2008-2    13.050   39.100  1911  21.5   5.4 -99
 316 ETON1101 WTH Ofla District 2011 NASA P    12.533   39.504  2450  20.5   3.9 -99
 317 FASH9702 WTH FasholaNigeria                7.900    3.770   230  26.9   2.2 -99
 318 FIBR1986 WTH FIBR1986                     45.700   25.530   534       -99.0    
 319 FIBR1987 WTH FIBR1987                     45.700   25.530   534       -99.0    
 320 FIBR1988 WTH FIBR1988                     45.700   25.530   534       -99.0    
 321 FIBR1989 WTH FIBR1989                     45.700   25.530   534       -99.0    
 322 FIBR1990 WTH FIBR1990                     45.700   25.530   534       -99.0    
 323 FIBR1991 WTH FIBR1991                     45.700   25.530   534       -99.0    
 324 FIBR1992 WTH FIBR1992                     45.700   25.530   534       -99.0    
 325 FIBR1993 WTH FIBR1993                     45.700   25.530   534       -99.0    
 326 FIBR8601 WTH Brasov_Romania               45.700   25.530   534   7.9  13.5 -99
 327 FIBR8701 WTH Brasov_Romania               45.700   25.530   534   7.9  13.5 -99
 328 FIBR8801 WTH Brasov_Romania               45.700   25.530   534   7.9  13.5 -99
 329 FIBR8901 WTH Brasov_Romania               45.700   25.530   534   7.9  13.5 -99
 330 FIBR9001 WTH Brasov_Romania               45.700   25.530   534   7.9  13.5 -99
 331 FIBR9101 WTH Brasov_Romania               45.700   25.530   534   7.9  13.5 -99
 332 FIBR9201 WTH Brasov_Romania               45.700   25.530   534   7.9  13.5 -99
 333 FIBR9301 WTH Brasov_Romania               45.700   25.530   534   7.9  13.5 -99
 334 FLMI5301 WTH Milton_Expt.Stn.,Florida     30.780  -87.130    67  19.8   8.2  1.
 335 FLMI5401 WTH Milton_Expt.Stn.,Florida     30.780  -87.130    67  19.8   8.2  1.
 336 FLMI5501 WTH Milton_Expt.Stn.,Florida     30.780  -87.130    67  19.8   8.2  1.
 337 FLSC8101 WTH Florence, South Carolina       34.0   -100.0     0 -99.0 -99.0    
 338 FNUS0901 WTH Fallon, NV, USA, 2009 and    39.457 -118.781  1209   9.8  29.9 -99
 339 GAAL9626 WTH ALMA,GEORGIA,USA            GAAL   31.560  -82.510    60  19.5    
 340 GAAT9626 WTH ATTAPULGUS,GEORGIA,USA      GAAT   30.761  -84.485    37  19.5    
 341 GABL9626 WTH BLAIRSVILLE,GEORGIA,USA     GABL   34.839  -83.928   584  13.7    
 342 GACA9626 WTH CALHOUN,GEORGIA,USA         GACA   34.490  -84.966   200  15.9    
 343 GACM9824 WTH CAMILLA,GEORGIA,USA         GACM   31.288  -84.243    50  19.5    
 344 GAGR9626 WTH GRIFFIN,GEORGIA,USA         GAGR   33.262  -84.284   299  16.9    
 345 GAPL9626 WTH PLAINS,GEORGIA,USA          GAPL   32.047  -84.371   152  18.4    
 346 GATI9626 WTH TIFTON,GEORGIA,USA          GATI   31.483  -83.533   116  19.4    
 347 GAWI9626 WTH WILLIAMSON,GEORGIA,USA      GAWI   33.176  -84.407   253  16.6    
 348 GAWU9626 WTH WATKINSVILLE,GEORGIA,USA    GAWU   33.869  -83.450   229  16.8    
 349 GHNY9701 WTH NYANKPALA,TAMALE,GHANA        9.420   -0.920   184  28.0   2.6   1
 350 GHNY9801 WTH NYANKPALA,TAMALE,GHANA        9.420   -0.920   184  28.0   2.6   1
 351 GHWA0201 WTH WA,GHANA                     10.020   -2.382   184  28.0   2.6   1
 352 GHWA0301 WTH WA,GHANA                     10.020   -2.382   184  28.0   2.6   1
 353 GHWA0401 WTH WA,GHANA                     10.020   -2.382   184  28.0   2.6   1
 354 GHWA9601 WTH WA,GHANA                     10.020   -2.382   184  28.0   2.6   1
 355 GHWA9701 WTH WA,GHANA                     10.020   -2.382   184  28.0   2.6   1
 356 GHWA9801 WTH WA,GHANA                     10.020   -2.382   184  28.0   2.6   1
 357 GRCO0801 WTH GRCO0801 Greeley 4, Color    40.449  104.638  1427   0.0   0.0 -99
 358 GRCO1001 WTH GRCO1001 Greeley 4, Color    40.449  104.638  1427   0.0   0.0 -99
 359 GUDD1601 WTH My Field                    GUDD   31.725   70.827   177  22.9    
 360 GUDD1701 WTH My Field                    GUDD   31.725   70.827   177  22.9    
 361 GUDD1801 WTH My Field                    GUDD   31.725   70.827   177  22.9    
 362 GUDD1901 WTH My Field                    GUDD   31.725   70.827   177  22.9    
 363 GUDD2001 WTH My Field                    GUDD   31.725   70.827   177  22.9    
 364 GUDD2101 WTH My Field                    GUDD   31.725   70.827   177  22.9    
 365 GUDD2201 WTH My Field                    GUDD   31.725   70.827   177  22.9    
 366 GUDK1601 WTH Bhutesar, DIKhan            GUDK   31.725   70.827   177  23.0    
 367 GUDK1601_OLD WTH Bhutesar, DIKhan            GUDK   31.725   70.827   177  22.4    
 368 GUDK1701 WTH Bhutesar, DIKhan            GUDK   31.725   70.827   177  23.0    
 369 GUDK1701_OLD WTH Bhutesar, DIKhan            GUDK   31.725   70.827   177  22.4    
 370 GUDK1801 WTH Bhutesar, DIKhan            GUDK   31.725   70.827   177  23.0    
 371 GUDK1801_OLD WTH Bhutesar, DIKhan            GUDK   31.725   70.827   177  22.4    
 372 GUDK1901 WTH Bhutesar, DIKhan            GUDK   31.725   70.827   177  23.0    
 373 GUDK1901_OLD WTH Bhutesar, DIKhan            GUDK   31.725   70.827   177  22.4    
 374 GUDK2001 WTH Bhutesar, DIKhan            GUDK   31.725   70.827   177  23.0    
 375 GUDK2101 WTH Bhutesar, DIKhan            GUDK   31.725   70.827   177  23.0    
 376 GUDK2201 WTH Bhutesar, DIKhan            GUDK   31.725   70.827   177  23.0    
 377 GUFF1601 WTH Main Campus                 GUFF   31.725   70.827   177  22.5    
 378 GUFF1701 WTH Main Campus                 GUFF   31.725   70.827   177  22.5    
 379 GUFF1801 WTH Main Campus                 GUFF   31.725   70.827   177  22.5    
 380 GUFF1901 WTH Main Campus                 GUFF   31.725   70.827   177  22.5    
 381 GUFF2001 WTH Main Campus                 GUFF   31.725   70.827   177  22.5    
 382 GUFF2101 WTH Main Campus                 GUFF   31.725   70.827   177  22.5    
 383 GUFF2201 WTH Main Campus                 GUFF   31.725   70.827   177  22.5    
 384 GUGP1601 WTH Pakistan                    GUGP   31.725   70.827   177  24.3    
 385 GUGP1701 WTH Pakistan                    GUGP   31.725   70.827   177  24.3    
 386 GUGP1801 WTH Pakistan                    GUGP   31.725   70.827   177  24.3    
 387 GUGP1901 WTH Pakistan                    GUGP   31.725   70.827   177  24.3    
 388 GUGP2001 WTH Pakistan                    GUGP   31.725   70.827   177  24.3    
 389 GUGP2101 WTH Pakistan                    GUGP   31.725   70.827   177  24.3    
 390 GUGP2201 WTH Pakistan                    GUGP   31.725   70.827   177  24.3    
 391 GURK1601 WTH Faculty                     GURK   31.725   70.827   177  23.0    
 392 GURK1701 WTH Faculty                     GURK   31.725   70.827   177  23.0    
 393 GURK1801 WTH Faculty                     GURK   31.725   70.827   177  23.0    
 394 GURK1901 WTH Faculty                     GURK   31.725   70.827   177  23.0    
 395 GURK2001 WTH Faculty                     GURK   31.725   70.827   177  23.0    
 396 GURK2101 WTH Faculty                     GURK   31.725   70.827   177  23.0    
 397 GURK2201 WTH Faculty                     GURK   31.725   70.827   177  23.0    
 398 GUSK1601 WTH Gomal                       GUSK   31.725   70.827   177  22.2    
 399 GUSK1701 WTH Gomal                       GUSK   31.725   70.827   177  22.2    
 400 GUSK1801 WTH Gomal                       GUSK   31.725   70.827   177  22.2    
 401 GUSK1901 WTH Gomal                       GUSK   31.725   70.827   177  22.2    
 402 GUSK2001 WTH Gomal                       GUSK   31.725   70.827   177  22.2    
 403 GUSK2101 WTH Gomal                       GUSK   31.725   70.827   177  22.2    
 404 GUSK2201 WTH Gomal                       GUSK   31.725   70.827   177  22.2    
 405 HHIH8201 WTH HOHENHEIM,STUTTGART,GERMA     48.00     0.00   -99   -99   -99   -
 406 IBHK8901 WTH IBHK                          22.00   157.00        20.0   2.1    
 407 IBHK9001 WTH IBHK                          22.00   157.00        20.0   2.0    
 408 IBHK9101 WTH IBHK                          22.00   157.00                      
 409 IBHK9201 WTH IBHK                          22.00   157.00                      
 410 IBHK9301 WTH IBHK                          22.00   157.00                      
 411 IBHK9401 WTH IBHK                          22.00   157.00                      
 412 IBHK9501 WTH IBHK                          22.00   157.00                      
 413 IBKA9701 WTH IBKA                         20.780  156.376   -99 -99.0 -99.0   1
 414 IBKA9801 WTH IBKA                         20.780  156.376   -99 -99.0 -99.0   1
 415 IBMC9601 WTH MAUKA CAMPUS, UNIV. OF H     21.260 -157.810   100  24.1   2.1   -
 416 IBMC9701 WTH MAUKA CAMPUS, UNIV. OF H     21.260 -157.810   100  24.1   2.1   -
 417 IBPF8601 WTH PULEHU EXP. FARM, MAUI, H    20.770  156.330   -99   -99   -99   -
 418 IBPF8701 WTH PULEHU EXP FARM, MAUI, HI    20.770  156.330   -99   -99   -99   -
 419 IBSI8001 WTH SITIUNG,INDONESIA             -2.00   102.00	       8.9           
 420 IBSI8101 WTH SITIUNG,INDONESIA             -2.00   102.00               8.9    
 421 IBSI8201 WTH SITIUNG,INDONESIA             -2.00   102.00               8.9    
 422 IBSI8301 WTH SITIUNG,INDONESIA             -2.00   102.00               8.9    
 423 IBSI8401 WTH SITIUNG,INDONESIA             -2.00   102.00               8.9    
 424 IBSI8501 WTH SITIUNG,INDONESIA             -2.00   102.00               8.9    
 425 IBWA8302 WTH WAIPIO,HAWAII                 21.00   158.00   -99   -99   -99   -
 426 IBWM9101 WTH IBWM                          22.00   158.00    20  25.0   5.0   -
 427 IEBR8201 WTH IEBR8201                      35.20    37.10   390  17.3  20.3    
 428 IEBR8301 WTH IEBR8301                      35.20    37.10   390  17.3  20.3    
 429 IEJI8001 WTH Jindiress,Syria               36.50     0.00                      
 430 IEJI8201 WTH Jindiress,Syria               36.50     0.00                      
 431 IEKH8001 WTH Khanasser,Syria               35.10     0.00                      
 432 IEKH8101 WTH Khanasser,Syria               35.10     0.00                      
 433 IETH7901 WTH Tel_Hadya,Syria               35.00     0.00                      
 434 IETH8001 WTH Tel_Hadya,Syria               35.60     0.00                      
 435 IETH8002 WTH TEL_HADYA,SYRIA               36.00   147.00                      
 436 IGQU8901 WTH ICTA,QUEZADA,GUATEMALA        14.27   -90.03   -99   -99   -99   -
 437 IHUH1701 WTH IHUH Uni Hohenheim Ihinge    48.666    8.967   490   9.3  19.8   2
 438 IICS9701 WTH Iics,Nigeria                   7.50     3.90   243 -99.0 -99.0 -99
 439 IRCH0302 WTH IRCH                         39.930  116.470    31  12.8  14.6 -99
 440 IRIW8501 WTH IRIW                         14.200  121.200     0   0.0   0.0   0
 441 IRIW8601 WTH IRIW                         14.200  121.200     0   0.0   0.0   0
 442 IRIW8701 WTH IRIW                         14.200  121.200     0   0.0   0.0   0
 443 IRIW8801 WTH IRIW                         14.200  121.200     0   0.0   0.0   0
 444 IRIW8901 WTH IRIW                         14.200  121.200     0   0.0   0.0   0
 445 IRIW9001 WTH IRIW                         14.200  121.200     0   0.0   0.0   0
 446 IRIW9101 WTH IRIW                         14.200  121.200     0   0.0   0.0   0
 447 IRIW9201 WTH IRIW                         14.200  121.200     0   0.0   0.0   0
 448 IRLB9201 WTH Los Banos, Phillipines       14.183  121.250    21  27.1   2.1   2
 449 IRMZ8501 WTH IRRI,MUNOZ,PHILIPPINES       15.70    120.90   -99   -99   -99   -
 450 IRMZ8601 WTH IRRI,MUNOZ,PHILIPPINES       15.70    120.90   -99  27.0   4.3   -
 451 IRPI8001 WTH IRRI,PILA,PHILIPPINES        14.20    121.30    50  27.0   3.8   -
 452 IRPI8501 WTH IRRI,PILA,PHILIPPINES        14.20    121.30    50  27.0   3.8   -
 453 IRPI8601 WTH IRRI,PILA,PHILIPPINES        14.20    121.30    50  27.0   3.8   -
 454 IRWE8501 WTH Las Banos, Laguna, IRRI      14.180  121.250    21  28.0   3.0   0
 455 IRWE8601 WTH Las Banos, Laguna, IRRI      14.180  121.250    21  28.0   3.0   0
 456 IRWE8701 WTH Las Banos, Laguna, IRRI      14.180  121.250    21  28.0   3.0   0
 457 IRWE8801 WTH Las Banos, Laguna, IRRI      14.180  121.250    21  28.0   3.0   0
 458 IRWE8901 WTH Las Banos, Laguna, IRRI      14.180  121.250    21  28.0   3.0   0
 459 IRWE9001 WTH Las Banos, Laguna, IRRI      14.180  121.250    21  28.0   3.0   0
 460 IRWE9101 WTH Las Banos, Laguna, IRRI      14.180  121.250    21  28.0   3.0   0
 461 IRWE9201 WTH Las Banos, Laguna, IRRI      14.180  121.250    21  28.0   3.0   0
 462 IRWE9301 WTH Las Banos, Laguna, IRRI      14.180  121.250    21  28.0   3.0   0
 463 IRWE9401 WTH Las Banos, Laguna, IRRI      14.180  121.250    21  28.0   3.0   0
 464 IRWE9501 WTH Las Banos, Laguna, IRRI      14.180  121.250    21  28.0   3.0   0
 465 IRWE9601 WTH Las Banos, Laguna, IRRI      14.180  121.250    21  28.0   3.0   0
 466 IRWE9701 WTH Las Banos, Laguna, IRRI      14.180  121.250    21  28.0   3.0   0
 467 IRWE9801 WTH IRRI WETLAND SITE, 1998 D    14.110  121.150  21.0  27.0   3.8 -99
 468 ITCH0001 WTH Chinh, HoaBinh, Vietnam      20.490  105.770     0 -99.0 -99.0 -99
 469 ITCH9501 WTH Chinh, HoaBinh, Vietnam      20.490  105.770     0 -99.0 -99.0 -99
 470 ITCH9601 WTH Chinh, HoaBinh, Vietnam      20.490  105.770     0 -99.0 -99.0 -99
 471 ITCH9801 WTH Chinh, HoaBinh, Vietnam      20.490  105.770     0 -99.0 -99.0 -99
 472 ITCH9901 WTH Chinh, HoaBinh, Vietnam      20.490  105.770     0 -99.0 -99.0 -99
 473 ITDE6501 WTH ITDE                         28.630   77.200     0   0.0   0.0   0
 474 ITDE6601 WTH ITDE                         28.630   77.200     0   0.0   0.0   0
 475 ITDE6701 WTH ITDE                         28.630   77.200     0   0.0   0.0   0
 476 ITDE6801 WTH ITDE                         28.630   77.200     0   0.0   0.0   0
 477 ITDE6901 WTH ITDE                         28.630   77.200     0   0.0   0.0   0
 478 ITDE7001 WTH ITDE                         28.630   77.200     0   0.0   0.0   0
 479 ITDE7101 WTH ITDE                         28.630   77.200     0   0.0   0.0   0
 480 ITDE7201 WTH ITDE                         28.630   77.200     0   0.0   0.0   0
 481 ITDE7301 WTH ITDE                         28.630   77.200     0   0.0   0.0   0
 482 ITDE7401 WTH ITDE                         28.630   77.200     0   0.0   0.0   0
 483 ITDE7501 WTH ITDE                         28.630   77.200     0   0.0   0.0   0
 484 ITDE7601 WTH ITDE                         28.630   77.200     0   0.0   0.0   0
 485 ITDE7701 WTH ITDE                         28.630   77.200     0   0.0   0.0   0
 486 ITDE7801 WTH ITDE                         28.630   77.200     0   0.0   0.0   0
 487 ITDE7901 WTH ITDE                         28.630   77.200     0   0.0   0.0   0
 488 ITDE8001 WTH ITDE                         28.630   77.200     0   0.0   0.0   0
 489 ITHY7501 WTH Hyderabad,India              17.530   78.270     0  25.8  11.8   2
 490 ITHY7601 WTH Hyderabad,India              17.530   78.270     0  25.8  11.8   2
 491 ITHY7701 WTH Hyderabad,India              17.530   78.270     0  25.8  11.8   2
 492 ITHY7801 WTH Hyderabad,India              17.530   78.270     0  25.8  11.8   2
 493 ITHY7901 WTH Hyderabad,India              17.530   78.270     0  25.8  11.8   2
 494 ITHY8001 WTH Hyderabad,India              17.530   78.270     0  25.8  11.8   2
 495 ITHY8101 WTH Hyderabad,India              17.530   78.270     0  25.8  11.8   2
 496 ITHY8201 WTH Hyderabad,India              17.530   78.270     0  25.8  11.8   2
 497 ITHY8301 WTH Hyderabad,India              17.530   78.270     0  25.8  11.8   2
 498 ITHY8401 WTH Hyderabad,India              17.530   78.270     0  25.8  11.8   2
 499 ITHY8501 WTH Hyderabad,India              17.530   78.270     0  25.8  11.8   2
 500 ITHY8601 WTH Hyderabad,India              17.530   78.270     0  25.8  11.8   2
 501 ITHY8701 WTH Hyderabad,India              17.530   78.270     0  25.8  11.8   2
 502 ITHY8801 WTH Hyderabad,India              17.530   78.270     0  25.8  11.8   2
 503 ITHY8901 WTH Hyderabad,India              17.530   78.270     0  25.8  11.8   2
 504 ITHY9001 WTH Hyderabad,India              17.530   78.270     0  25.8  11.8   2
 505 ITHY9101 WTH Hyderabad,India              17.530   78.270     0  25.8  11.8   2
 506 ITHY9201 WTH Hyderabad,India              17.530   78.270     0  25.8  11.8   2
 507 ITHY9301 WTH Hyderabad,India              17.530   78.270     0  25.8  11.8   2
 508 ITHY9401 WTH Hyderabad,India              17.530   78.270     0  25.8  11.8   2
 509 ITHY9501 WTH Hyderabad,India              17.530   78.270     0  25.8  11.8   2
 510 ITHY9601 WTH Hyderabad,India              17.530   78.270     0  25.8  11.8   2
 511 ITHY9701 WTH Hyderabad,India              17.530   78.270     0  25.8  11.8   2
 512 ITHY9801 WTH Hyderabad,India              17.530   78.270     0  25.8  11.8   2
 513 ITHY9901 WTH Hyderabad,India              17.530   78.270     0  25.8  11.8   2
 514 ITIN0301 WTH NRCS, INDORE, ADB Collabo    22.400   75.500   567  25.7   6.4 -99
 515 ITIN0401 WTH NRCS, INDORE, ADB Collabo    22.400   75.500   567  25.7   6.4 -99
 516 ITPU8901 WTH Pune,India                    18.52    73.85                      
 517 ITSC8601 WTH Sahelian_Center,Niger         13.28     2.00                      
 518 IUAF8001 WTH I.S.U. Agron Farm, Story     42.020   93.800     0   9.1  15.5  1.
 519 IUAF8002 WTH I.S.U. Agron Farm, Story     42.020   93.800     0   9.1  15.5  1.
 520 IUAF8101 WTH I.S.U. Agron Farm, Story     42.020   93.800     0   9.1  15.5  1.
 521 IUAF8201 WTH I.S.U. Agron Farm, Story     42.020   93.800     0   9.1  15.5  1.
 522 IUAF8301 WTH I.S.U. Agron Farm, Story     42.020   93.800     0   9.1  15.5  1.
 523 IUAF8401 WTH I.S.U. Agron Farm, Story     42.020   93.800     0   9.1  15.5  1.
 524 IUAF8501 WTH I.S.U. Agron Farm, Story     42.020   93.800     0   9.1  15.5  1.
 525 IUAF8601 WTH I.S.U. Agron Farm, Story     42.020   93.800     0   9.1  15.5  1.
 526 IUAF8701 WTH I.S.U. Agron Farm, Story     42.020   93.800     0   9.1  15.5  1.
 527 IUAF8801 WTH I.S.U. Agron Farm, Story     42.020   93.800     0   9.1  15.5  1.
 528 IUAF8901 WTH I.S.U. Agron Farm, Story     42.020   93.800     0   9.1  15.5  1.
 529 IUAF9001 WTH I.S.U. Johnson Farm, Stor    41.590   93.380     0   9.1  15.5  1.
 530 IUAF9101 WTH I.S.U. Johnson Farm, Stor    41.590   93.380     0   9.1  15.5  1.
 531 IUAF9201 WTH I.S.U. Johnson Farm, Stor    41.590   93.380   320   9.1  15.5  1.
 532 IUAF9301 WTH I.S.U. Johnson Farm, Stor    41.590   93.380     0   9.1  15.5  1.
 533 IUAF9401 WTH Ames,Iowa,USA                42.000   93.770   320 -99.0 -99.0   2
 534 IUAF9501 WTH Ames,IA                      42.000   93.770   320 -99.0 -99.0   2
 535 IUAF9601 WTH Ames,IA                      42.000   93.770   320   9.1  15.5  1.
 536 IUAF9701 WTH AMES, IA (AERC)              42.000   93.770   320   9.1  15.5  1.
 537 IUAF9901 WTH AMES, IA, U.S.A.             42.020   93.750   335   9.1  15.5  1.
 538 IUAM8801 WTH Ames,Iowa,USA                 42.00   -93.50     0   9.1  15.5  1.
 539 IUAM9001 WTH Ames,Iowa,USA                 42.00   -93.50     0   9.1  15.5  1.
 540 IUAM9701 WTH Swine Res. Farms (Armstro    42.000  -93.770   320   9.1  15.5   2
 541 IUAM9702 WTH Sorenson Farms, near Ames    42.000  -93.770   320   9.1  15.5   2
 542 IUCA7901 WTH CASTANA,IOWA,USA             42.20   -93.70    -99   9.1  15.5  1.
 543 IUCA7902 WTH CASTANA,IOWA,USA             42.20   -93.700   425   9.9  15.9   1
 544 KADO7701 WTH KADO                        -18.320   29.880     0   0.0   0.0   0
 545 KADO7801 WTH KADO                        -18.320   29.880     0   0.0   0.0   0
 546 KADO7901 WTH KADO                        -18.320   29.880     0   0.0   0.0   0
 547 KADO8001 WTH KADO                        -18.320   29.880     0   0.0   0.0   0
 548 KADO8101 WTH KADO                        -18.320   29.880     0   0.0   0.0   0
 549 KADO8201 WTH KADO                        -18.320   29.880     0   0.0   0.0   0
 550 KADO8301 WTH KADO                        -18.320   29.880     0   0.0   0.0   0
 551 KADO8401 WTH KADO                        -18.320   29.880     0   0.0   0.0   0
 552 KADO8501 WTH KADO                        -18.320   29.880     0   0.0   0.0   0
 553 KADO8601 WTH KADO                        -18.320   29.880     0   0.0   0.0   0
 554 KADO8701 WTH KADO                        -18.320   29.880     0   0.0   0.0   0
 555 KADO8801 WTH KADO                        -18.320   29.880     0   0.0   0.0   0
 556 KADO8901 WTH KADO                        -18.320   29.880     0   0.0   0.0   0
 557 KADO9001 WTH KADO                        -18.320   29.880     0   0.0   0.0   0
 558 KSAS8101 WTH KSAS8101                      37.18   -99.75   226  12.0  32.0    
 559 KSAS8201 WTH KSAS8201                      37.18   -99.75   226  12.0  32.0    
 560 LUGO9001 WTH LUGO                          43.00     6.20   480  11.9   6.3   1
 561 LUGO9101 WTH LUGO                          43.00     6.20   480  11.9   6.3   1
 562 LUGO9201 WTH LUGO                          43.00     6.20   480  11.9   6.3   1
 563 LUGO9301 WTH LUGO                          43.00     6.20   480  11.9   6.3   1
 564 LUGO9501 WTH LUGO                          43.00     6.20   480  11.9   6.3   1
 565 LUGO9601 WTH LUGO                          43.00     6.20   480  11.9   6.3   1
 566 LUGO9801 WTH LUGO                         43.000    3.300   480  11.8   6.0 -99
 567 MAR29501 WTH MARICOPA WEATHER STATION,    33.083 -140.117   361 -99.0 -99.0 -99
 568 MAR29601 WTH MARICOPA WEATHER STATION,    33.083 -140.117   361 -99.0 -99.0 -99
 569 MONT1201 WTH MON1                         47.000    5.000   300  15.1  20.4 -99
 570 MONT1301 WTH MONT                         34.000    0.983   360  15.0  18.6 -99
 571 MONT1401 WTH MONT                         34.000    0.983   360  15.0  18.6 -99
 572 MONT1501 WTH MONT                         34.000    0.983   360  15.0  18.6 -99
 573 MONT1601 WTH MONT                         34.000    0.983   360  15.0  18.6 -99
 574 MONT1701 WTH MONT                         34.000    0.983   360  15.0  18.6 -99
 575 MSKB0001 WTH KellogeBiologicalStation,    41.700  -85.500   200   9.2  13.0 -99
 576 MSKB0101 WTH KellogeBiologicalStation,    41.700  -85.500   200   9.2  13.0 -99
 577 MSKB0201 WTH KellogeBiologicalStation,    41.700  -85.500   200   9.2  13.0 -99
 578 MSKB0301 WTH KellogeBiologicalStation,    41.700  -85.500   200   9.2  13.0 -99
 579 MSKB0401 WTH KellogeBiologicalStation,    41.700  -85.500   200   9.2  13.0 -99
 580 MSKB0501 WTH KellogeBiologicalStation,    41.700  -85.500   200   9.2  13.0 -99
 581 MSKB0601 WTH KellogeBiologicalStation,    41.700  -85.500   200   9.2  13.0 -99
 582 MSKB0701 WTH KellogeBiologicalStation,    41.700  -85.500   200   9.2  13.0 -99
 583 MSKB0801 WTH KellogeBiologicalStation,    41.700  -85.500   200   9.2  13.0 -99
 584 MSKB0901 WTH KellogeBiologicalStation,    41.700  -85.500   200   9.2  13.0 -99
 585 MSKB1001 WTH KellogeBiologicalStation,    41.700  -85.500   200   9.2  13.0 -99
 586 MSKB1101 WTH KellogeBiologicalStation,    41.700  -85.500   200   9.2  13.0 -99
 587 MSKB1201 WTH KellogeBiologicalStation,    41.700  -85.500   200   9.2  13.0 -99
 588 MSKB1301 WTH KellogeBiologicalStation,    41.700  -85.500   200   9.2  13.0 -99
 589 MSKB1401 WTH KellogeBiologicalStation,    41.700  -85.500   200   9.2  13.0 -99
 590 MSKB1501 WTH KellogeBiologicalStation,    41.700  -85.500   200   9.2  13.0 -99
 591 MSKB1601 WTH KellogeBiologicalStation,    41.700  -85.500   200   9.2  13.0 -99
 592 MSKB1701 WTH KellogeBiologicalStation,    41.700  -85.500   200   9.2  13.0 -99
 593 MSKB8401 WTH KBS-MSU                      41.700  -85.500   285   9.2  13.0 -99
 594 MSKB8501 WTH KBS-MSU                      41.700  -85.500   285   9.2  13.0 -99
 595 MSKB8601 WTH KBS-MSU                      41.700  -85.500   285   9.2  13.0 -99
 596 MSKB8701 WTH KBS-MSU                      41.700  -85.500   285   9.2  13.0 -99
 597 MSKB8801 WTH KBS-MSU                      41.700  -85.500   285   9.2  13.0 -99
 598 MSKB8901 WTH KBS-MSU                      41.700  -85.500   285   9.2  13.0 -99
 599 MSKB9001 WTH KBS-MSU                      41.700  -85.500   285   9.2  13.0 -99
 600 MSKB9101 WTH KBS-MSU                      41.700  -85.500   285   9.2  13.0 -99
 601 MSKB9201 WTH KBS-MSU                      41.700  -85.500   285   9.2  13.0 -99
 602 MSKB9301 WTH KBS-MSU                      41.700  -85.500   285   9.2  13.0 -99
 603 MSKB9401 WTH KBS-MSU                      41.700  -85.500   285   9.2  13.0 -99
 604 MSKB9501 WTH KellogeBiologicalStation,    41.700  -85.500   200   9.2  13.0 -99
 605 MSKB9601 WTH KellogeBiologicalStation,    41.700  -85.500   200   9.2  13.0 -99
 606 MSKB9701 WTH KellogeBiologicalStation,    41.700  -85.500   200   9.2  13.0 -99
 607 MSKB9801 WTH KellogeBiologicalStation,    41.700  -85.500   200   9.2  13.0 -99
 608 MSKB9901 WTH KellogeBiologicalStation,    41.700  -85.500   200   9.2  13.0 -99
 609 MSMU7901 WTH The_Murrays,Scotland          56.00     0.00   -99   -99   -99   -
 610 MSMU8001 WTH The_Murrays,Scotland          56.00     0.00   -99   -99   -99   -
 611 MTBO7701 WTH MTBO7701                      48.00   -109.0   760   5.6  31.2    
 612 MTIS8901 WTH MTIS                          18.50    67.00                      
 613 MTIS9001 WTH MTIS                          18.50    67.00                      
 614 MTIS9101 WTH MTIS                          18.50    67.00                      
 615 MTIS9201 WTH MTIS                          18.50    67.00                      
 616 MTIS9301 WTH MTIS                          18.50    67.00                      
 617 NCCL8801 WTH NCCL                          35.94     0.00                      
 618 NCRM8701 WTH NCRM                          35.66     0.00                      
 619 NITL1101 WTH TILLABERY,                   14.200    1.450   209   0.0   0.0  0.
 620 NITL1201 WTH TILLABERY,                   14.200    1.450   209   0.0   0.0  0.
 621 NITL1301 WTH TILLABERY,                   14.200    1.450   209   0.0   0.0  0.
 622 NITL1401 WTH TILLABERY,                   14.200    1.450   209   0.0   0.0  0.
 623 NITL1501 WTH TILLABERY,                   14.200    1.450   209   0.0   0.0  0.
 624 NITL1601 WTH TILLABERY,                   14.200    1.450   209   0.0   0.0  0.
 625 NITL1701 WTH TILLABERY,                   14.200    1.450   209   0.0   0.0  0.
 626 NITL1801 WTH TILLABERY,                   14.200    1.450   209   0.0   0.0  0.
 627 NITL1901 WTH TILLABERY,                   14.200    1.450   209   0.0   0.0  0.
 628 NITL2001 WTH TILLABERY,                   14.200    1.450   209   0.0   0.0  0.
 629 NITL2101 WTH TILLABERY,                   14.200    1.450   209   0.0   0.0  0.
 630 NITL2201 WTH TILLABERY,                   14.200    1.450   209   0.0   0.0  0.
 631 NITL2301 WTH TILLABERY,                   14.200    1.450   209   0.0   0.0  0.
 632 NITL2401 WTH TILLABERY,                   14.200    1.450   209   0.0   0.0  0.
 633 NITL2501 WTH TILLABERY,                   14.200    1.450   209   0.0   0.0  0.
 634 NITL2601 WTH TILLABERY,                   14.200    1.450   209   0.0   0.0  0.
 635 NITL2701 WTH TILLABERY,                   14.200    1.450   209   0.0   0.0  0.
 636 NITL2801 WTH TILLABERY,                   14.200    1.450   209   0.0   0.0  0.
 637 NITL2901 WTH TILLABERY,                   14.200    1.450   209   0.0   0.0  0.
 638 NITL3001 WTH TILLABERY,                   14.200    1.450   209   0.0   0.0  0.
 639 NMCL1402 WTH NMCL1401, Clovis, NM           34.1 -103.367 1352.   8.5  24.4    
 640 NMLC1402 WTH LCNM1401, Las Cruces, NM     32.267  -106.75 1183.  10.4  24.5    
 641 NOTH1201 WTH NOTH                         45.400  -80.117   300   6.0  15.0 -99
 642 NOTH1301 WTH NOTH                         45.400  -80.117   300   3.2  17.4 -99
 643 NOTH1401 WTH New_Location                 33.300  -84.300   300   2.6  32.5 -99
 644 NYCU8001 WTH NYCU                          42.70    97.00   -99   8.5   8.6   -
 645 NYCU8101 WTH NYCU                          42.70    97.00   -99   8.5   8.6   -
 646 NYCU8201 WTH NYCU                          42.70    97.00   -99   8.5   8.6   -
 647 NYCU8501 WTH NYCU                          42.70    97.00   -99   8.5   8.6   -
 648 NYCU8601 WTH NYCU                          42.70    97.00   -99   8.5   8.6   -
 649 OHWO8801 WTH WOOSTER,OHIO,USA              40.78   -81.93     0   9.1  15.5  1.
 650 OHWO9001 WTH WOOSTER,OHIO,USA              40.78   -81.93     0   9.1  15.5  1.
 651 OSBO8801 WTH OSBO                          45.83   119.28   -99  11.0   9.0   -
 652 PARA1801 WTH Paragominas, Para, Brazil    -3.383  -47.417   176  27.0   6.0 -99
 653 PARA1901 WTH Paragominas, Para, Brazil    -3.383  -47.417   176  27.0   6.0 -99
 654 PBCA7701 WTH Cambridge,England             52.50     0.00   -99   -99   -99   -
 655 PKPK1601 WTH My Exp                      PKPK   31.725   70.827   177  22.8    
 656 PKPK1701 WTH My Exp                      PKPK   31.725   70.827   177  22.8    
 657 PKPK1801 WTH My Exp                      PKPK   31.725   70.827   177  22.8    
 658 PKPK1901 WTH My Exp                      PKPK   31.725   70.827   177  22.8    
 659 PKPK2001 WTH My Exp                      PKPK   31.725   70.827   177  22.8    
 660 PKPK2101 WTH My Exp                      PKPK   31.725   70.827   177  22.8    
 661 PKPK2201 WTH My Exp                      PKPK   31.725   70.827   177  22.8    
 662 PLAP8801 WTH Portage_la_Prairie,Manito    50.000  -98.500     0 -99.0 -99.0 -99
 663 PLAP9201 WTH Portage_la_Prairie,Manito    50.000  -98.500     0 -99.0 -99.0 -99
 664 PONG8601 WTH PONG                        -27.383   31.617   300  23.0  12.0   2
 665 PONG8701 WTH PONG                        -27.383   31.617   300  23.0  12.0   2
 666 PONG8801 WTH PONG                        -27.383   31.617   300  23.0  12.0   2
 667 PONG8901 WTH PONG                        -27.383   31.617   300  23.0  12.0   2
 668 PULU0001 WTH LUDHIANA,INDIA              30.550    75.510   247 -99.0 -99.     
 669 PULU0101 WTH LUDHIANA,INDIA              30.550    75.510   247 -99.0 -99.     
 670 QDKY1101 WTH Kingaroy, Queensland, Aus   -26.582  151.829   441  17.8  13.7 -99
 671 QDKY1201 WTH Kingaroy, Queensland, Au    -26.582  151.829   441  18.0  12.0 -99
 672 ROR15901 WTH Rothamsted,England           52.500   -0.500   100   9.9   6.1   0
 673 ROR16001 WTH Rothamsted,England           52.500   -0.500   100   9.9   6.1   0
 674 ROR16101 WTH Rothamsted,England           52.500   -0.500   100   9.9   6.1   0
 675 ROR16201 WTH Rothamsted,England           52.500   -0.500   100   9.9   6.1   0
 676 ROR16301 WTH Rothamsted,England           52.500   -0.500   100   9.9   6.1   0
 677 ROR16401 WTH Rothamsted,England           52.500   -0.500   100   9.9   6.1   0
 678 ROR16501 WTH Rothamsted,England           52.500   -0.500   100   9.9   6.1   0
 679 ROR16601 WTH Rothamsted,England           52.500   -0.500   100   9.9   6.1   0
 680 ROR16701 WTH Rothamsted,England           52.500   -0.500   100   9.9   6.1   0
 681 ROR16801 WTH Rothamsted,England           52.500   -0.500   100   9.9   6.1   0
 682 ROR16901 WTH Rothamsted,England           52.500   -0.500   100   9.9   6.1   0
 683 ROR17001 WTH Rothamsted,England           52.500   -0.500   100   9.9   6.1   0
 684 ROR17101 WTH Rothamsted,England           52.500   -0.500   100   9.9   6.1   0
 685 ROR17201 WTH Rothamsted,England           52.500   -0.500   100   9.9   6.1   0
 686 ROR17301 WTH Rothamsted,England           52.500   -0.500   100   9.9   6.1   0
 687 ROR17401 WTH Rothamsted,England           52.500   -0.500   100   9.9   6.1   0
 688 ROR17501 WTH Rothamsted,England           52.500   -0.500   100   9.9   6.1   0
 689 ROR17601 WTH Rothamsted,England           52.500   -0.500   100   9.9   6.1   0
 690 ROR17701 WTH Rothamsted,England           52.500   -0.500   100   9.9   6.1   0
 691 ROR17801 WTH Rothamsted,England           52.500   -0.500   100   9.9   6.1   0
 692 ROR17901 WTH Rothamsted,England           52.500   -0.500   100   9.9   6.1   0
 693 ROR18001 WTH Rothamsted,England           52.500   -0.500   100   9.9   6.1   0
 694 ROR18101 WTH Rothamsted,England           52.500   -0.500   100   9.9   6.1   0
 695 ROR18201 WTH Rothamsted,England           52.500   -0.500   100   9.9   6.1   0
 696 ROR18301 WTH Rothamsted,England           52.500   -0.500   100   9.9   6.1   0
 697 ROR18401 WTH Rothamsted,England           52.500   -0.500   100   9.9   6.1   0
 698 ROR18501 WTH Rothamsted,England           52.500   -0.500   100   9.9   6.1   0
 699 ROR18601 WTH Rothamsted,England           52.500   -0.500   100   9.9   6.1   0
 700 ROR18701 WTH Rothamsted,England           52.500   -0.500   100   9.9   6.1   0
 701 ROR18801 WTH Rothamsted,England           52.500   -0.500   100   9.9   6.1   0
 702 ROR18901 WTH Rothamsted,England           52.500   -0.500   100   9.9   6.1   0
 703 ROR19001 WTH Rothamsted,England           52.500   -0.500   100   9.9   6.1   0
 704 ROR19101 WTH Rothamsted,England           52.500   -0.500   100   9.9   6.1   0
 705 ROR19201 WTH Rothamsted,England           52.500   -0.500   100   9.9   6.1   0
 706 ROR19301 WTH Rothamsted,England           52.500   -0.500   100   9.9   6.1   0
 707 ROR19401 WTH Rothamsted,England           52.500   -0.500   100   9.9   6.1   0
 708 ROR19501 WTH Rothamsted,England           52.500   -0.500   100   9.9   6.1   0
 709 ROR19601 WTH Rothamsted,England           52.500   -0.500   100   9.9   6.1   0
 710 ROR19701 WTH Rothamsted,England           52.500   -0.500   100   9.9   6.1   0
 711 ROR19801 WTH Rothamsted,England           52.500   -0.500   100   9.9   6.1   0
 712 ROR19901 WTH Rothamsted,England           52.500   -0.500   100   9.9   6.1   0
 713 RORO6701 WTH Rothamsted,England            52.50   -0.500   100   9.9   8.4   0
 714 RORO7201 WTH Rothamsted,England            52.50   -0.500   100   9.9   8.4   0
 715 RORO7401 WTH RORO7401                      51.82    -0.36   128   9.9   8.4    
 716 RORO7501 WTH RORO7501                      51.82    -0.36   128   9.9   8.4    
 717 RORO7601 WTH Rothamsted,England            52.50   -0.500   100   9.9   8.4   0
 718 RORO7901 WTH Rothamsted,England            52.50   -0.500   100   9.9   8.4   0
 719 SAPO6701 WTH Pongola,KwaZulu-Natal,Sou   -27.000   30.000   100  20.9   5.0   2
 720 SAPO6801 WTH Pongola,KwaZulu-Natal,Sou   -27.000   30.000   100  20.9   5.0   2
 721 SAPO6901 WTH Pongola,KwaZulu-Natal,Sou   -27.000   30.000   100  20.9   5.0   2
 722 SAPO7001 WTH Pongola,KwaZulu-Natal,Sou   -27.000   30.000   100  20.9   5.0   2
 723 SAPO7101 WTH Pongola,KwaZulu-Natal,Sou   -27.000   30.000   100  20.9   5.0   2
 724 SAPO7201 WTH Pongola,KwaZulu-Natal,Sou   -27.000   30.000   100  20.9   5.0   2
 725 SAPO7301 WTH Pongola,KwaZulu-Natal,Sou   -27.000   30.000   100  20.9   5.0   2
 726 SATO8801 WTH TongaatData,SASA            -29.600   30.000   100  20.4   4.1   2
 727 SATO8901 WTH TongaatData,SASA            -29.600   30.000   100  20.4   4.1   2
 728 SATO9001 WTH TongaatData,SASA            -29.600   30.000   100  20.4   4.1   2
 729 SATO9101 WTH TongaatData,SASA            -29.600   30.000   100  20.4   4.1   2
 730 SATO9201 WTH TongaatData,SASA            -29.600   30.000   100  20.4   4.1   2
 731 SATO9301 WTH TongaatData,SASA            -29.600   30.000   100  20.4   4.1   2
 732 SAUR9001 WTH Antioquia,Urrao,Colombia.     6.330  -76.116  1850  20.2   1.8   0
 733 SAUR9101 WTH Antioquia,Urrao,Colombia.     6.330  -76.116  1850  20.2   1.8   0
 734 SAUR9201 WTH Antioquia,Urrao,Colombia.     6.330  -76.116  1850  20.2   1.8   0
 735 SAUR9301 WTH Antioquia,Urrao,Colombia.     6.330  -76.116  1850  20.2   1.8   0
 736 SIAZ9301 WTH SIAMONTA¥ANA                41.430    0.490   225  14.7   8.6   2
 737 SIAZ9401 WTH SIAMONTA¥ANA                41.430    0.490   225  14.7   8.6   2
 738 SIAZ9501 WTH SIAMONTA¥ANA                41.430    0.490   225  14.7   8.6   2
 739 SIAZ9601 WTH SIAMONTA¥ANA                41.430    0.490   225  14.7   8.6   2
 740 SIAZ9801 WTH SIAMONTA¥ANA                41.430    0.490   225  14.7   8.6   2
 741 SIAZ9901 WTH SIAMONTA¥ANA                41.430    0.490   225  14.7   8.6   2
 742 SMKO1401 WTH Samanko 2014                 12.520   -8.070   328  28.5   8.2 -99
 743 SMKO1501 WTH Samanko 2015                 12.520   -8.070   328  28.5   8.2 -99
 744 SPFA1401 WTH SPFA                       -22.7017 -47.6423   547  21.1 -99.0 -99
 745 SPFA1501 WTH SPFA                       -22.7017 -47.6423   547  21.1 -99.0 -99
 746 SPPI0101 WTH Piracicaba - SP - Estaç   -22.880  -47.500   560  22.0   3.4   2
 747 SPPI0201 WTH Piracicaba - SP - Estaç   -22.880  -47.500   560  22.0   3.4   2
 748 SPPI0301 WTH Piracicaba - SP - Estaç   -22.880  -47.500   560  22.0   3.4   2
 749 SPPI0401 WTH Piracicaba - SP - Estaç   -22.880  -47.500   560  22.0   3.4   2
 750 SPPI1101 WTH SPPI                        -22.708  -47.633   580  22.8   4.1 -99
 751 SPPI1201 WTH SPPI                        -22.708  -47.633   580  22.8   4.1 -99
 752 SPPI1301 WTH SPPI                        -22.708  -47.633   580  22.8   4.1 -99
 753 SWSW7501 WTH SWSW7501                      50.26  -107.50   175   2.2  36.0    
 754 TARD1501 WTH TARDIENTA, SPAIN             33.300  -84.300   300  14.3  18.2 -99
 755 TARD1601 WTH TARDIENTA, SPAIN             33.300  -84.300   300  14.3  18.2 -99
 756 TARD1701 WTH TARDIENTA, SPAINNew_Locat    33.300  -84.300   300  14.3  18.2 -99
 757 TETE7401 WTH TEMPLE,TEXAS                  31.00    97.50   -99   -99   -99   -
 758 TRKO1501 WTH Konya, Turkey               TRKO   37.984   32.574  1031  12.5    
 759 TRKO1601 WTH Konya, Turkey               TRKO   37.984   32.574  1031  12.5    
 760 TXAU8401 WTH AUSTIN, TX, USA              30.300  -97.700  189.  20.0  19.7 -99
 761 TXAU8501 WTH AUSTIN, TX, USA              30.300  -97.700  189.  20.0  19.7 -99
 762 TXAU8601 WTH AUSTIN, TX, USA              30.300  -97.700  189.  20.0  19.7 -99
 763 TXBD8401 WTH Temple, Texas                31.056  -97.348   199  19.1  23.6 -99
 764 TXCH1106 WTH Chillicothe, Texas, USA      34.000 -102.000   351  18.6  12.6 -99
 765 TXCH1901 WTH CHILLLICOTHE                 34.033  -99.083   442  16.9  24.7   2
 766 TXCH2001 WTH CHILLICOTHE                  34.000 -102.000   351  17.6  23.6   2
 767 TXCH2101 WTH CHILLICOTHE                  34.000 -102.000   315  17.4  27.0   2
 768 TXCO7801 WTH Columbas,Texas               29.720  -96.530    65  19.3  10.8  1.
 769 TXCO7901 WTH Columbas,Texas               29.720  -96.530    65  19.3  10.8  1.
 770 TXCO8001 WTH Columbas,Texas               29.720  -96.530    65  19.3  10.8  1.
 771 UAFD0001 WTH FAISALABAD                   31.433   73.100   184  24.1  10.8 -99
 772 UAFD0101 WTH FAISALABAD                   31.433   73.100   184  24.1  10.8 -99
 773 UAFD0201 WTH FAISALABAD                   31.433   73.100   184  24.1  10.8 -99
 774 UAFD0301 WTH FAISALABAD                   31.433   73.100   184  24.1  10.8 -99
 775 UAFD0401 WTH FAISALABAD                   31.433   73.100   184  24.1  10.8 -99
 776 UAFD0501 WTH FAISALABAD                   31.433   73.100   184  24.1  10.8 -99
 777 UAFD0601 WTH FAISALABAD                   31.433   73.100   184  24.1  10.8 -99
 778 UAFD0701 WTH Faisalabad                   31.433   73.100   184  24.7  10.7 -99
 779 UAFD0801 WTH Faisalabad                   31.035   73.002   184  24.3  11.2 -99
 780 UAFD0901 WTH Faisalabad                   31.035   73.002   184 -16.5  10.2 -99
 781 UAFD7401 WTH FAISALABAD                   31.433   73.100   184  24.1  10.8 -99
 782 UAFD7501 WTH FAISALABAD                   31.433   73.100   184  24.1  10.8 -99
 783 UAFD7601 WTH FAISALABAD                   31.433   73.100   184  24.1  10.8 -99
 784 UAFD7701 WTH FAISALABAD                   31.433   73.100   184  24.1  10.8 -99
 785 UAFD7801 WTH FAISALABAD                   31.433   73.100   184  24.1  10.8 -99
 786 UAFD7901 WTH FAISALABAD                   31.433   73.100   184  24.1  10.8 -99
 787 UAFD8001 WTH FAISALABAD                   31.433   73.100   184  24.1  10.8 -99
 788 UAFD8101 WTH FAISALABAD                   31.433   73.100   184  24.1  10.8 -99
 789 UAFD8201 WTH FAISALABAD                   31.433   73.100   184  24.1  10.8 -99
 790 UAFD8301 WTH FAISALABAD                   31.433   73.100   184  24.1  10.8 -99
 791 UAFD8401 WTH FAISALABAD                   31.433   73.100   184  24.1  10.8 -99
 792 UAFD8501 WTH FAISALABAD                   31.433   73.100   184  24.1  10.8 -99
 793 UAFD8601 WTH FAISALABAD                   31.433   73.100   184  24.1  10.8 -99
 794 UAFD8701 WTH FAISALABAD                   31.433   73.100   184  24.1  10.8 -99
 795 UAFD8801 WTH FAISALABAD                   31.433   73.100   184  24.1  10.8 -99
 796 UAFD8901 WTH FAISALABAD                   31.433   73.100   184  24.1  10.8 -99
 797 UAFD9001 WTH FAISALABAD                   31.433   73.100   184  24.1  10.8 -99
 798 UAFD9101 WTH FAISALABAD                   31.433   73.100   184  24.1  10.8 -99
 799 UAFD9201 WTH FAISALABAD                   31.433   73.100   184  24.1  10.8 -99
 800 UAFD9301 WTH FAISALABAD                   31.433   73.100   184  24.1  10.8 -99
 801 UAFD9401 WTH FAISALABAD                   31.433   73.100   184  24.1  10.8 -99
 802 UAFD9501 WTH FAISALABAD                   31.433   73.100   184  24.1  10.8 -99
 803 UAFD9601 WTH FAISALABAD                   31.433   73.100   184  24.1  10.8 -99
 804 UAFD9701 WTH FAISALABAD                   31.433   73.100   184  24.1  10.8 -99
 805 UAFD9801 WTH FAISALABAD                   31.433   73.100   184  24.1  10.8 -99
 806 UAFD9901 WTH FAISALABAD                   31.433   73.100   184  24.1  10.8 -99
 807 UBKA8601 WTH KAJONDI_FARM,BURUNDI          -3.29    30.00   -99   -99   -99   -
 808 UCCO8101 WTH UCCO                          38.00     4.00                      
 809 UCCO8201 WTH UCCO                          38.00     4.00                      
 810 UCCO8301 WTH UCCO                          38.00     4.00                      
 811 UCCO8401 WTH UCCO                          38.00     4.00                      
 812 UCCO8501 WTH UCCO                          38.00     4.00                      
 813 UCCO8601 WTH UCCO                          38.00     4.00                      
 814 UCCO8701 WTH UCCO                          38.00     5.00                      
 815 UCCO8801 WTH UCCO                          38.00     5.00                      
 816 UCCO8901 WTH UCCO                          38.00     5.00                      
 817 UCCO9101 WTH UCCO                          38.00     4.00                      
 818 UCCO9301 WTH Cordoba, Spain               37.850   -4.800   100  17.7   9.2   1
 819 UCEA7701 WTH ELORA,ON,CANADA  DFB  1      43.390  -80.250   376   6.0  27.3  2.
 820 UCEA7801 WTH ELORA,ON,CANADA  DFB  1      43.390   80.250   376   6.0  27.3    
 821 UFBA1401 WTH UFBA                         27.760  -82.224    39  22.4  12.6 -99
 822 UFBA1501 WTH UFBA                         27.760  -82.224    39  22.4  12.6 -99
 823 UFBA1601 WTH UFBA                         27.760  -82.224    39  22.4  12.6 -99
 824 UFBA1701 WTH UFBA                         27.760  -82.224    39  22.4  12.6 -99
 825 UFBA1801 WTH UFBA                         27.760  -82.224    39  22.4  12.6 -99
 826 UFBG0001 WTH Everglades Research and E    26.650  -80.633     3  22.4   5.0   2
 827 UFBG0101 WTH Everglades Research and E    26.650  -80.633     3  22.4   5.0   2
 828 UFBG0201 WTH Everglades Research and E    26.650  -80.633     3  22.4   5.0   2
 829 UFBG0301 WTH Everglades Research and E    26.650  -80.633     3  22.4   5.0   2
 830 UFBG0401 WTH Everglades Research and E    26.650  -80.633     3  22.9   5.1   2
 831 UFBG0501 WTH Everglades Research and E    26.650  -80.633     3  22.9   5.1   2
 832 UFBG0601 WTH Everglades Research and E    26.650  -80.633     3  22.9   5.1   2
 833 UFBG0701 WTH Everglades Research and E    26.650  -80.633     3  22.9   5.1   2
 834 UFBG0801 WTH Everglades Research and E    26.650  -80.633     3  22.2   4.6   2
 835 UFBG0901 WTH Everglades Research and E    26.650  -80.633     3  22.2   4.6   2
 836 UFBR9101 WTH BRADENTON, FLORIDA, U.S.A    27.600  -82.600    10 -99.0 -99.0 -99
 837 UFBR9201 WTH BRADENTON, FLORIDA, U.S.A    27.600  -82.600    10 -99.0 -99.0 -99
 838 UFBR9301 WTH BRADENTON, FLORIDA, U.S.A    27.600  -82.600    10 -99.0 -99.0 -99
 839 UFBR9401 WTH BRADENTON, FLORIDA, U.S.A    27.600  -82.600    10 -99.0 -99.0 -99
 840 UFBR9501 WTH BRADENTON, FLORIDA, U.S.A    27.600   82.600    10 -99.0 -99.0 -99
 841 UFBR9601 WTH BRAD., FLORIDA, PARTIAL,     27.600   82.600    10 -99.0 -99.0 -99
 842 UFCI0201 WTH Plant Science Unit, Citra    29.630  -82.370    10  20.9   7.5  2.
 843 UFCI0301 WTH Plant Science Unit, Citra    29.630  -82.370    10  20.9   7.5  2.
 844 UFCI0401 WTH Plant Science Unit, Citra    29.410  -82.180    21  21.0  10.7   2
 845 UFCI0501 WTH Plant Science Unit, Citra    29.410  -82.180    21  21.0  10.7   2
 846 UFCI0601 WTH Plant Science Unit, Citra    29.410  -82.180    21  21.0  10.7   2
 847 UFGA0601 WTH Gainesville,Florida,USA      29.630  -82.370    10  21.3  13.0   2
 848 UFGA0701 WTH Gainesville,Florida,USA      29.630  -82.370    10  20.9  13.0  2.
 849 UFGA5801 WTH Gainesville,Florida,USA      29.630  -82.370    10  20.9  13.0  2.
 850 UFGA5901 WTH Gainesville,Florida,USA      29.630  -82.370    10  20.9  13.0  2.
 851 UFGA6001 WTH Gainesville,Florida,USA      29.630  -82.370    10  20.9  13.0  2.
 852 UFGA6101 WTH Gainesville,Florida,USA      29.630  -82.370    10  20.9  13.0  2.
 853 UFGA6201 WTH Gainesville,Florida,USA      29.630  -82.370    10  20.9  13.0  2.
 854 UFGA6401 WTH Gainesville,Florida,USA      29.630  -82.370    10  20.9  13.0  2.
 855 UFGA6501 WTH Gainesville,Florida,USA      29.630  -82.370    10  20.9  13.0  2.
 856 UFGA6601 WTH Gainesville,Florida,USA      29.630  -82.370    10  20.9  13.0  2.
 857 UFGA6701 WTH Gainesville,Florida,USA      29.630  -82.370    10  20.9  13.0  2.
 858 UFGA6801 WTH Gainesville,Florida,USA      29.630  -82.370    10  20.9  13.0  2.
 859 UFGA6901 WTH Gainesville,Florida,USA      29.630  -82.370    10  20.9  13.0  2.
 860 UFGA7001 WTH Gainesville,Florida,USA      29.630  -82.370    10  20.9  13.0  2.
 861 UFGA7101 WTH Gainesville,Florida,USA      29.630  -82.370    10  20.9  13.0  2.
 862 UFGA7601 WTH Gainesville,Florida,USA      29.630  -82.370    10  20.9  13.0  2.
 863 UFGA7801 WTH Gainesville,Florida,USA      29.630  -82.370    10  20.9  13.0  2.
 864 UFGA7901 WTH Gainesville,Florida,USA      29.630  -82.370    10  20.9  13.0  2.
 865 UFGA8001 WTH Gainesville,Florida,USA      29.630  -82.370    10  20.9  13.0  2.
 866 UFGA8101 WTH Gainesville,Florida,USA      29.630  -82.370    10  20.9  13.0  2.
 867 UFGA8201 WTH Gainesville,Florida,USA      29.630  -82.370    10  20.9  13.0  2.
 868 UFGA8301 WTH Gainesville,Florida,USA      29.630  -82.370    10  20.9  13.0  2.
 869 UFGA8401 WTH Gainesville,Florida,USA      29.630  -82.370    10  20.9  13.0  2.
 870 UFGA8501 WTH Gainesville,Florida,USA      29.630  -82.370    10  20.9  13.0  2.
 871 UFGA8601 WTH Gainesville,Florida,USA      29.630  -82.370    10  20.9  13.0  2.
 872 UFGA8701 WTH Gainesville,Florida,USA      29.630  -82.370    10  20.9  13.0  2.
 873 UFGA8901 WTH Gainesville,Florida,USA      29.630  -82.370    10  20.9  13.0  2.
 874 UFGA9001 WTH Gainesville,Florida,USA      29.630  -82.370    10  20.9  13.0  2.
 875 UFGA9601 WTH GAINESVILLE,FLORIDA,USA      29.630   82.370    10  20.9   7.5  2.
 876 UFGR8501 WTH Green_Acres,Newberry,Flor    29.630  -82.370    10  20.9  13.0  2.
 877 UFGR8901 WTH Green_Acres,Newberry,Flor    29.630  -82.370    10  20.9  13.0  2.
 878 UFGW8801 WTH UFGW                          30.79    85.25                      
 879 UFGW8901 WTH UFGW                          30.79    85.25                      
 880 UFIM9201 WTH IMMOKALEE, FLORIDA, U.S.A    26.390  -81.450    10 -99.0 -99.0 -99
 881 UFJA0219 WTH Jay, Florida                 30.776  -87.138    10  20.2  16.5   2
 882 UFJA1701 WTH Jay, Florida                 30.776  -87.138    10  20.2  16.5   2
 883 UFMA8301 WTH Marianna, Florida, USA        30.79   -85.25   40.  19.2   8.2 -99
 884 UFMX8901 WTH FLMX  Yaqui Valley, Mexic     26.6   -110.40        21.0   2.1    
 885 UFMX8902 WTH UFMX  Yaqui Valley, Mexic      26.6   -109.4    38  16.0   7.9 -99
 886 UFON9601 WTH Ona, Florida,USA             27.260  -82.550    10  20.9   7.5  2.
 887 UFON9701 WTH Ona, Florida,USA             27.260  -82.550    10  20.9   7.5  2.
 888 UFON9801 WTH Ona, Florida,USA             27.260  -82.550    10  20.9   7.5  2.
 889 UFON9911 WTH Ona, Florida, USA            27.398  -81.940   23.  22.1   5.8 -99
 890 UFQU1604 WTH UFQU                         30.546  -84.599    10  20.2  16.5   2
 891 UFQU1701 WTH UFQU                         30.546  -84.599    10  20.2  16.5   2
 892 UFQU1801 WTH UFQU                         30.546  -84.599    10  20.2  16.5   2
 893 UFQU1901 WTH UFQU                         30.546  -84.599    10  20.2  16.5   2
 894 UFQU7901 WTH QUINCY,FLORIDA,USA            30.60   -86.40   -99   -99   -99   -
 895 UFQU9501 WTH QUINCY, FLORIDA, U.S.A, P    30.500   85.50    10 -99.0 -99.0 -99.
 896 UFWM1401 WTH UFWM                         27.767   82.233    44  21.3  11.6 -99
 897 UFWM1501 WTH UFWM                         27.767   82.233    44  21.3  11.6 -99
 898 UHIH1201 WTH Ihinger Hof, Stuttgart, G   UHIH   48.750    8.917   475   9.6    
 899 UHIH1301 WTH Ihinger Hof, Stuttgart, G   UHIH   48.750    8.917   475   9.6    
 900 UHIH1401 WTH Ihinger Hof, Stuttgart, G   UHIH   48.750    8.917   475   9.6    
 901 UHIH1501 WTH Ihinger Hof, Stuttgart, G   UHIH   48.750    8.917   475   9.6    
 902 UHIH1601 WTH Ihinger Hof, Stuttgart, G   UHIH   48.750    8.917   475   9.6    
 903 UHIH1701 WTH Ihinger Hof, Stuttgart, G   UHIH   48.750    8.917   475   9.6    
 904 UHIH1801 WTH Ihinger Hof, Stuttgart, G   UHIH   48.750    8.917   475   9.6    
 905 UHIH1901 WTH Ihinger Hof, Stuttgart, G   UHIH   48.750    8.917   475   9.6    
 906 UHIH2001 WTH Ihinger Hof, Stuttgart, G   UHIH   48.750    8.917   475   9.6    
 907 UHKN8903 WTH Kunia,Hawaii,USA              20.00   158.00                      
 908 UPIS9601 WTH Isabela, Puerto Rico         18.470  -67.070   131 -99.0 -99.0   1
 909 USBE0301 WTH Benton, Washington           41.500 -119.500   125 -99.0 -99.0 -99
 910 USON0701 WTH Ottana, Sardinia, USON       39.433    9.517   186  16.9   8.6 -99
 911 USON0801 WTH Ottana, Sardinia, USON       39.433    9.517   186  16.9   8.6 -99
 912 USOT0701 WTH Ottava, Sassari              40.779    8.493    81  15.7   6.6 -99
 913 USOT0801 WTH Ottava, Sassari              40.779    8.493    81  15.7   6.6 -99
 914 UYLE6601 WTH UYL0                        -34.000  -57.000    50 -99.0  -9.9  1.
 915 UYLE6701 WTH UYL0                        -34.000  -57.000    50 -99.0  -9.9  1.
 916 UYLE6801 WTH UYL0                        -34.000  -57.000    50 -99.0  -9.9  1.
 917 UYLE6901 WTH UYL0                        -34.000  -57.000    50 -99.0  -9.9  1.
 918 UYLE7001 WTH UYL0                        -34.000  -57.000    50 -99.0  -9.9  1.
 919 UYLE7101 WTH UYL0                        -34.000  -57.000    50 -99.0  -9.9  1.
 920 UYLE7201 WTH UYL0                        -34.000  -57.000    50 -99.0  -9.9  1.
 921 UYLE7301 WTH UYL0                        -34.000  -57.000    50 -99.0  -9.9  1.
 922 UYLE7401 WTH UYL0                        -34.000  -57.000    50 -99.0  -9.9  1.
 923 UYLE7501 WTH UYL0                        -34.000  -57.000    50 -99.0  -9.9  1.
 924 UYLE7601 WTH UYL0                        -34.000  -57.000    50 -99.0  -9.9  1.
 925 UYLE7701 WTH UYL0                        -34.000  -57.000    50 -99.0  -9.9  1.
 926 UYLE7801 WTH UYL0                        -34.000  -57.000    50 -99.0  -9.9  1.
 927 UYLE7901 WTH UYL0                        -34.000  -57.000    50 -99.0  -9.9  1.
 928 UYLE8001 WTH UYL0                        -34.000  -57.000    50 -99.0  -9.9  1.
 929 UYLE8101 WTH UYL0                        -34.000  -57.000    50 -99.0  -9.9  1.
 930 UYLE8201 WTH UYL0                        -34.000  -57.000    50 -99.0  -9.9  1.
 931 UYLE8301 WTH UYL0                        -34.000  -57.000    50 -99.0  -9.9  1.
 932 UYLE8401 WTH UYL0                        -34.000  -57.000    50 -99.0  -9.9  1.
 933 UYLE8501 WTH UYL0                        -34.000  -57.000    50 -99.0  -9.9  1.
 934 UYLE8601 WTH UYL0                        -34.000  -57.000    50 -99.0  -9.9  1.
 935 UYLE8701 WTH UYL0                        -34.000  -57.000    50 -99.0  -9.9  1.
 936 UYLE8801 WTH UYL0                        -34.000  -57.000    50 -99.0  -9.9  1.
 937 UYLE8901 WTH UYL0                        -34.000  -57.000    50 -99.0  -9.9  1.
 938 UYLE9001 WTH UYL0                        -34.000  -57.000    50 -99.0  -9.9  1.
 939 UYLE9101 WTH UYL0                        -34.000  -57.000    50 -99.0  -9.9  1.
 940 UYLE9201 WTH UYL0                        -34.000  -57.000    50 -99.0  -9.9  1.
 941 WABI5901 WTH De Bilt                      52.100    5.200    37  10.1   8.9   0
 942 WABI6001 WTH De Bilt                      52.100    5.200    37  10.1   8.9   0
 943 WABI6101 WTH De Bilt                      52.100    5.200    37  10.1   8.9   0
 944 WABI6201 WTH De Bilt                      52.100    5.200    37  10.1   8.9   0
 945 WABI6301 WTH De Bilt                      52.100    5.200    37  10.1   8.9   0
 946 WABI6401 WTH De Bilt                      52.100    5.200    37  10.1   8.9   0
 947 WABI6501 WTH De Bilt                      52.100    5.200    37  10.1   8.9   0
 948 WABI6601 WTH De Bilt                      52.100    5.200    37  10.1   8.9   0
 949 WABI6701 WTH De Bilt                      52.100    5.200    37  10.1   8.9   0
 950 WABI6801 WTH De Bilt                      52.100    5.200    37  10.1   8.9   0
 951 WABI6901 WTH De Bilt                      52.100    5.200    37  10.1   8.9   0
 952 WABI7001 WTH De Bilt                      52.100    5.200    37  10.1   8.9   0
 953 WABI7101 WTH De Bilt                      52.100    5.200    37  10.1   8.9   0
 954 WABI7201 WTH De Bilt                      52.100    5.200    37  10.1   8.9   0
 955 WABI7301 WTH De Bilt                      52.100    5.200    37  10.1   8.9   0
 956 WABI7401 WTH De Bilt                      52.100    5.200    37  10.1   8.9   0
 957 WABI7501 WTH De Bilt                      52.100    5.200    37  10.1   8.9   0
 958 WABI7601 WTH De Bilt                      52.100    5.200    37  10.1   8.9   0
 959 WABI7701 WTH De Bilt                      52.100    5.200    37  10.1   8.9   0
 960 WABI7801 WTH De Bilt                      52.100    5.200    37  10.1   8.9   0
 961 WABI7901 WTH De Bilt                      52.100    5.200    37  10.1   8.9   0
 962 WABI8001 WTH De Bilt                      52.100    5.200    37  10.1   8.9   0
 963 WABI8101 WTH De Bilt                      52.100    5.200    37  10.1   8.9   0
 964 WABI8201 WTH De Bilt                      52.100    5.200    37  10.1   8.9   0
 965 WABI8301 WTH De Bilt                      52.100    5.200    37  10.1   8.9   0
 966 WABI8401 WTH De Bilt                      52.100    5.200    37  10.1   8.9   0
 967 WABI8501 WTH De Bilt                      52.100    5.200    37  10.1   8.9   0
 968 WABI8601 WTH De Bilt                      52.100    5.200    37  10.1   8.9   0
 969 WABI8701 WTH De Bilt                      52.100    5.200    37  10.1   8.9   0
 970 WABI8801 WTH De Bilt                      52.100    5.200    37  10.1   8.9   0
 971 WAPA9201 WTH Paterson, benton county,     45.939 -119.666   180  10.3   7.3 -99
 972 WAPA9301 WTH Paterson, benton county,     45.939 -119.666   180  10.4  12.4 -99
 973 WAPA9401 WTH Paterson, benton county,     45.939 -119.666   180  12.3  11.1 -99
 974 WAPA9501 WTH Paterson, benton county,     45.939 -119.666   180  11.9  10.9 -99
